Log file open, 07/11/18 01:14:12
LogWindows: Failed to load 'aqProf.dll' (GetLastError=126)
LogWindows: File 'aqProf.dll' does not exist
LogWindows: Failed to load 'VtuneApi.dll' (GetLastError=126)
LogWindows: File 'VtuneApi.dll' does not exist
LogWindows: Failed to load 'VtuneApi32e.dll' (GetLastError=126)
LogWindows: File 'VtuneApi32e.dll' does not exist
LogInit: Display: Running engine for game: Sunken_Pixel_V_0001
LogPlatformFile: Not using cached read wrapper
LogInit: Display: RandInit(-1239755460) SRandInit(-1239755460).
LogInit: Read version file with build ID '3944462'
LogInit: Overriding engine version to CL 4033788, compatible CL 3944462
LogInit: Registered custom module enumerator with build ID '3944462'
LogTaskGraph: Started task graph with 5 named threads and 23 total threads with 3 sets of task threads.
LogStats: Stats thread started at 0.275088
LogD3D11RHI: Aftermath initialized
LogICUInternationalization: Display: ICU TimeZone Detection - Raw Offset: -5:00, Platform Override: ''
LogModuleManager: Display: Found up-to-date module file ../../../Engine/Plugins/2D/Paper2D/Binaries/Win64/UE4Editor-Paper2D.dll (API version 3944462).
LogModuleManager: Display: Found up-to-date module file ../../../Engine/Plugins/2D/Paper2D/Binaries/Win64/UE4Editor-Paper2DEditor.dll (API version 3944462).
LogModuleManager: Display: Found up-to-date module file ../../../Engine/Plugins/2D/Paper2D/Binaries/Win64/UE4Editor-PaperSpriteSheetImporter.dll (API version 3944462).
LogModuleManager: Display: Found up-to-date module file ../../../Engine/Plugins/2D/Paper2D/Binaries/Win64/UE4Editor-PaperTiledImporter.dll (API version 3944462).
LogModuleManager: Display: Found up-to-date module file ../../../Engine/Plugins/2D/Paper2D/Binaries/Win64/UE4Editor-SmartSnapping.dll (API version 3944462).
LogModuleManager: Display: Found up-to-date module file ../../../Engine/Plugins/Blendables/LightPropagationVolume/Binaries/Win64/UE4Editor-LightPropagationVolumeRuntime.dll (API version 3944462).
LogModuleManager: Display: Found up-to-date module file ../../../Engine/Plugins/Blendables/LightPropagationVolume/Binaries/Win64/UE4Editor-LightPropagationVolumeEditor.dll (API version 3944462).
LogModuleManager: Display: Found up-to-date module file ../../../Engine/Plugins/Developer/CLionSourceCodeAccess/Binaries/Win64/UE4Editor-CLionSourceCodeAccess.dll (API version 3944462).
LogModuleManager: Display: Found up-to-date module file ../../../Engine/Plugins/Developer/GitSourceControl/Binaries/Win64/UE4Editor-GitSourceControl.dll (API version 3944462).
LogModuleManager: Display: Found up-to-date module file ../../../Engine/Plugins/Developer/PerforceSourceControl/Binaries/Win64/UE4Editor-PerforceSourceControl.dll (API version 3944462).
LogModuleManager: Display: Found up-to-date module file ../../../Engine/Plugins/Developer/SubversionSourceControl/Binaries/Win64/UE4Editor-SubversionSourceControl.dll (API version 3944462).
LogModuleManager: Display: Found up-to-date module file ../../../Engine/Plugins/Developer/UObjectPlugin/Binaries/Win64/UE4Editor-UObjectPlugin.dll (API version 3944462).
LogModuleManager: Display: Found up-to-date module file ../../../Engine/Plugins/Developer/VisualStudioCodeSourceCodeAccess/Binaries/Win64/UE4Editor-VisualStudioCodeSourceCodeAccess.dll (API version 3944462).
LogModuleManager: Display: Found up-to-date module file ../../../Engine/Plugins/Developer/VisualStudioSourceCodeAccess/Binaries/Win64/UE4Editor-VisualStudioSourceCodeAccess.dll (API version 3944462).
LogModuleManager: Display: Found up-to-date module file ../../../Engine/Plugins/Editor/AssetManagerEditor/Binaries/Win64/UE4Editor-AssetManagerEditor.dll (API version 3944462).
LogModuleManager: Display: Found up-to-date module file ../../../Engine/Plugins/Editor/CryptoKeys/Binaries/Win64/UE4Editor-CryptoKeys.dll (API version 3944462).
LogModuleManager: Display: Found up-to-date module file ../../../Engine/Plugins/Editor/CryptoKeys/Binaries/Win64/UE4Editor-CryptoKeysOpenSSL.dll (API version 3944462).
LogModuleManager: Display: Found up-to-date module file ../../../Engine/Plugins/Editor/DataValidation/Binaries/Win64/UE4Editor-DataValidation.dll (API version 3944462).
LogModuleManager: Display: Found up-to-date module file ../../../Engine/Plugins/Editor/FacialAnimation/Binaries/Win64/UE4Editor-FacialAnimation.dll (API version 3944462).
LogModuleManager: Display: Found up-to-date module file ../../../Engine/Plugins/Editor/FacialAnimation/Binaries/Win64/UE4Editor-FacialAnimationEditor.dll (API version 3944462).
LogModuleManager: Display: Found up-to-date module file ../../../Engine/Plugins/Editor/GameplayTagsEditor/Binaries/Win64/UE4Editor-GameplayTagsEditor.dll (API version 3944462).
LogModuleManager: Display: Found up-to-date module file ../../../Engine/Plugins/Editor/MobileLauncherProfileWizard/Binaries/Win64/UE4Editor-MobileLauncherProfileWizard.dll (API version 3944462).
LogModuleManager: Display: Found up-to-date module file ../../../Engine/Plugins/Editor/PluginBrowser/Binaries/Win64/UE4Editor-PluginBrowser.dll (API version 3944462).
LogModuleManager: Display: Found up-to-date module file ../../../Engine/Plugins/Editor/SpeedTreeImporter/Binaries/Win64/UE4Editor-SpeedTreeImporter.dll (API version 3944462).
LogModuleManager: Display: Found up-to-date module file ../../../Engine/Plugins/Enterprise/DatasmithContent/Binaries/Win64/UE4Editor-DatasmithContent.dll (API version 3944462).
LogModuleManager: Display: Found up-to-date module file ../../../Engine/Plugins/Experimental/AlembicImporter/Binaries/Win64/UE4Editor-AlembicImporter.dll (API version 3944462).
LogModuleManager: Display: Found up-to-date module file ../../../Engine/Plugins/Experimental/AlembicImporter/Binaries/Win64/UE4Editor-AlembicLibrary.dll (API version 3944462).
LogModuleManager: Display: Found up-to-date module file ../../../Engine/Plugins/Experimental/CharacterAI/Binaries/Win64/UE4Editor-CharacterAI.dll (API version 3944462).
LogModuleManager: Display: Found up-to-date module file ../../../Engine/Plugins/Experimental/HTML5Networking/Binaries/Win64/UE4Editor-HTML5Networking.dll (API version 3944462).
LogModuleManager: Display: Found up-to-date module file ../../../Engine/Plugins/Media/AndroidMedia/Binaries/Win64/UE4Editor-AndroidMediaEditor.dll (API version 3944462).
LogModuleManager: Display: Found up-to-date module file ../../../Engine/Plugins/Media/AndroidMedia/Binaries/Win64/UE4Editor-AndroidMediaFactory.dll (API version 3944462).
LogModuleManager: Display: Found up-to-date module file ../../../Engine/Plugins/Media/AvfMedia/Binaries/Win64/UE4Editor-AvfMediaEditor.dll (API version 3944462).
LogModuleManager: Display: Found up-to-date module file ../../../Engine/Plugins/Media/AvfMedia/Binaries/Win64/UE4Editor-AvfMediaFactory.dll (API version 3944462).
LogModuleManager: Display: Found up-to-date module file ../../../Engine/Plugins/Media/AvfMedia/Binaries/Win64/UE4Editor-AvfMediaFactory.dll (API version 3944462).
LogModuleManager: Display: Found up-to-date module file ../../../Engine/Plugins/Media/ImgMedia/Binaries/Win64/UE4Editor-ImgMedia.dll (API version 3944462).
LogModuleManager: Display: Found up-to-date module file ../../../Engine/Plugins/Media/ImgMedia/Binaries/Win64/UE4Editor-ImgMediaEditor.dll (API version 3944462).
LogModuleManager: Display: Found up-to-date module file ../../../Engine/Plugins/Media/ImgMedia/Binaries/Win64/UE4Editor-ImgMediaFactory.dll (API version 3944462).
LogModuleManager: Display: Found up-to-date module file ../../../Engine/Plugins/Media/ImgMedia/Binaries/Win64/UE4Editor-ImgMediaFactory.dll (API version 3944462).
LogModuleManager: Display: Found up-to-date module file ../../../Engine/Plugins/Media/ImgMedia/Binaries/Win64/UE4Editor-OpenExrWrapper.dll (API version 3944462).
LogModuleManager: Display: Found up-to-date module file ../../../Engine/Plugins/Media/LinearTimecode/Binaries/Win64/UE4Editor-LinearTimecode.dll (API version 3944462).
LogModuleManager: Display: Found up-to-date module file ../../../Engine/Plugins/Media/MediaCompositing/Binaries/Win64/UE4Editor-MediaCompositing.dll (API version 3944462).
LogModuleManager: Display: Found up-to-date module file ../../../Engine/Plugins/Media/MediaCompositing/Binaries/Win64/UE4Editor-MediaCompositingEditor.dll (API version 3944462).
LogModuleManager: Display: Found up-to-date module file ../../../Engine/Plugins/Media/MediaPlayerEditor/Binaries/Win64/UE4Editor-MediaPlayerEditor.dll (API version 3944462).
LogModuleManager: Display: Found up-to-date module file ../../../Engine/Plugins/Media/WmfMedia/Binaries/Win64/UE4Editor-WmfMedia.dll (API version 3944462).
LogModuleManager: Display: Found up-to-date module file ../../../Engine/Plugins/Media/WmfMedia/Binaries/Win64/UE4Editor-WmfMediaEditor.dll (API version 3944462).
LogModuleManager: Display: Found up-to-date module file ../../../Engine/Plugins/Media/WmfMedia/Binaries/Win64/UE4Editor-WmfMediaFactory.dll (API version 3944462).
LogModuleManager: Display: Found up-to-date module file ../../../Engine/Plugins/Media/WmfMedia/Binaries/Win64/UE4Editor-WmfMediaFactory.dll (API version 3944462).
LogModuleManager: Display: Found up-to-date module file ../../../Engine/Plugins/Messaging/TcpMessaging/Binaries/Win64/UE4Editor-TcpMessaging.dll (API version 3944462).
LogModuleManager: Display: Found up-to-date module file ../../../Engine/Plugins/Messaging/UdpMessaging/Binaries/Win64/UE4Editor-UdpMessaging.dll (API version 3944462).
LogModuleManager: Display: Found up-to-date module file ../../../Engine/Plugins/MovieScene/ActorSequence/Binaries/Win64/UE4Editor-ActorSequence.dll (API version 3944462).
LogModuleManager: Display: Found up-to-date module file ../../../Engine/Plugins/MovieScene/LevelSequenceEditor/Binaries/Win64/UE4Editor-LevelSequenceEditor.dll (API version 3944462).
LogModuleManager: Display: Found up-to-date module file ../../../Engine/Plugins/MovieScene/MatineeToLevelSequence/Binaries/Win64/UE4Editor-MatineeToLevelSequence.dll (API version 3944462).
LogModuleManager: Display: Found up-to-date module file ../../../Engine/Plugins/NetcodeUnitTest/NetcodeUnitTest/Binaries/Win64/UE4Editor-NetcodeUnitTest.dll (API version 3944462).
LogModuleManager: Display: Found up-to-date module file ../../../Engine/Plugins/NetcodeUnitTest/NUTUnrealEngine4/Binaries/Win64/UE4Editor-NUTUnrealEngine4.dll (API version 3944462).
LogModuleManager: Display: Found up-to-date module file ../../../Engine/Plugins/Online/OnlineSubsystem/Binaries/Win64/UE4Editor-OnlineSubsystem.dll (API version 3944462).
LogModuleManager: Display: Found up-to-date module file ../../../Engine/Plugins/Runtime/AndroidPermission/Binaries/Win64/UE4Editor-AndroidPermission.dll (API version 3944462).
LogModuleManager: Display: Found up-to-date module file ../../../Engine/Plugins/Online/OnlineSubsystemNull/Binaries/Win64/UE4Editor-OnlineSubsystemNull.dll (API version 3944462).
LogModuleManager: Display: Found up-to-date module file ../../../Engine/Plugins/Online/OnlineSubsystemUtils/Binaries/Win64/UE4Editor-OnlineSubsystemUtils.dll (API version 3944462).
LogModuleManager: Display: Found up-to-date module file ../../../Engine/Plugins/Online/OnlineSubsystemUtils/Binaries/Win64/UE4Editor-OnlineBlueprintSupport.dll (API version 3944462).
LogModuleManager: Display: Found up-to-date module file ../../../Engine/Plugins/Runtime/AndroidDeviceProfileSelector/Binaries/Win64/UE4Editor-AndroidDeviceProfileSelector.dll (API version 3944462).
LogModuleManager: Display: Found up-to-date module file ../../../Engine/Plugins/Runtime/AppleARKit/Binaries/Win64/UE4Editor-AppleARKit.dll (API version 3944462).
LogModuleManager: Display: Found up-to-date module file ../../../Engine/Plugins/Runtime/ProceduralMeshComponent/Binaries/Win64/UE4Editor-ProceduralMeshComponent.dll (API version 3944462).
LogModuleManager: Display: Found up-to-date module file ../../../Engine/Plugins/Runtime/ProceduralMeshComponent/Binaries/Win64/UE4Editor-ProceduralMeshComponentEditor.dll (API version 3944462).
LogModuleManager: Display: Found up-to-date module file ../../../Engine/Plugins/Animation/LiveLink/Binaries/Win64/UE4Editor-LiveLink.dll (API version 3944462).
LogModuleManager: Display: Found up-to-date module file ../../../Engine/Plugins/Animation/LiveLink/Binaries/Win64/UE4Editor-LiveLinkEditor.dll (API version 3944462).
LogModuleManager: Display: Found up-to-date module file ../../../Engine/Plugins/Runtime/ArchVisCharacter/Binaries/Win64/UE4Editor-ArchVisCharacter.dll (API version 3944462).
LogModuleManager: Display: Found up-to-date module file ../../../Engine/Plugins/Runtime/AudioCapture/Binaries/Win64/UE4Editor-AudioCapture.dll (API version 3944462).
LogModuleManager: Display: Found up-to-date module file ../../../Engine/Plugins/Runtime/AudioCapture/Binaries/Win64/UE4Editor-AudioCaptureEditor.dll (API version 3944462).
LogModuleManager: Display: Found up-to-date module file ../../../Engine/Plugins/Runtime/CableComponent/Binaries/Win64/UE4Editor-CableComponent.dll (API version 3944462).
LogModuleManager: Display: Found up-to-date module file ../../../Engine/Plugins/Runtime/CustomMeshComponent/Binaries/Win64/UE4Editor-CustomMeshComponent.dll (API version 3944462).
LogModuleManager: Display: Found up-to-date module file ../../../Engine/Plugins/Runtime/ExampleDeviceProfileSelector/Binaries/Win64/UE4Editor-ExampleDeviceProfileSelector.dll (API version 3944462).
LogModuleManager: Display: Found up-to-date module file ../../../Engine/Plugins/Runtime/ImmediatePhysics/Binaries/Win64/UE4Editor-ImmediatePhysics.dll (API version 3944462).
LogModuleManager: Display: Found up-to-date module file ../../../Engine/Plugins/Runtime/ImmediatePhysics/Binaries/Win64/UE4Editor-ImmediatePhysicsEditor.dll (API version 3944462).
LogModuleManager: Display: Found up-to-date module file ../../../Engine/Plugins/Runtime/LocationServicesBPLibrary/Binaries/Win64/UE4Editor-LocationServicesBPLibrary.dll (API version 3944462).
LogModuleManager: Display: Found up-to-date module file ../../../Engine/Plugins/Runtime/MobilePatchingUtils/Binaries/Win64/UE4Editor-MobilePatchingUtils.dll (API version 3944462).
LogModuleManager: Display: Found up-to-date module file ../../../Engine/Plugins/Runtime/Oculus/OculusVR/Binaries/Win64/UE4Editor-OculusHMD.dll (API version 3944462).
LogModuleManager: Display: Found up-to-date module file ../../../Engine/Plugins/Runtime/Oculus/OculusVR/Binaries/Win64/UE4Editor-OculusInput.dll (API version 3944462).
LogModuleManager: Display: Found up-to-date module file ../../../Engine/Plugins/Runtime/Oculus/OculusVR/Binaries/Win64/UE4Editor-OculusEditor.dll (API version 3944462).
LogModuleManager: Display: Found up-to-date module file ../../../Engine/Plugins/Runtime/PhysXVehicles/Binaries/Win64/UE4Editor-PhysXVehicles.dll (API version 3944462).
LogModuleManager: Display: Found up-to-date module file ../../../Engine/Plugins/Runtime/PhysXVehicles/Binaries/Win64/UE4Editor-PhysXVehiclesEditor.dll (API version 3944462).
LogModuleManager: Display: Found up-to-date module file ../../../Engine/Plugins/Runtime/RuntimePhysXCooking/Binaries/Win64/UE4Editor-RuntimePhysXCooking.dll (API version 3944462).
LogModuleManager: Display: Found up-to-date module file ../../../Engine/Plugins/Runtime/Steam/SteamVR/Binaries/Win64/UE4Editor-SteamVR.dll (API version 3944462).
LogModuleManager: Display: Found up-to-date module file ../../../Engine/Plugins/Runtime/Steam/SteamVR/Binaries/Win64/UE4Editor-SteamVRController.dll (API version 3944462).
LogModuleManager: Display: Found up-to-date module file ../../../Engine/Plugins/Runtime/WindowsMoviePlayer/Binaries/Win64/UE4Editor-WindowsMoviePlayer.dll (API version 3944462).
LogPluginManager: Mounting plugin Paper2D
LogPluginManager: Mounting plugin LiveLink
LogPluginManager: Mounting plugin LightPropagationVolume
LogPluginManager: Mounting plugin CLionSourceCodeAccess
LogPluginManager: Mounting plugin CodeLiteSourceCodeAccess
LogPluginManager: Mounting plugin GitSourceControl
LogPluginManager: Mounting plugin KDevelopSourceCodeAccess
LogPluginManager: Mounting plugin NullSourceCodeAccess
LogPluginManager: Mounting plugin PerforceSourceControl
LogPluginManager: Mounting plugin SubversionSourceControl
LogPluginManager: Mounting plugin UObjectPlugin
LogPluginManager: Mounting plugin VisualStudioCodeSourceCodeAccess
LogPluginManager: Mounting plugin VisualStudioSourceCodeAccess
LogPluginManager: Mounting plugin XCodeSourceCodeAccess
LogPluginManager: Mounting plugin AssetManagerEditor
LogPluginManager: Mounting plugin CryptoKeys
LogPluginManager: Mounting plugin DataValidation
LogPluginManager: Mounting plugin FacialAnimation
LogPluginManager: Mounting plugin GameplayTagsEditor
LogPluginManager: Mounting plugin MobileLauncherProfileWizard
LogPluginManager: Mounting plugin PluginBrowser
LogPluginManager: Mounting plugin SpeedTreeImporter
LogPluginManager: Mounting plugin DatasmithContent
LogPluginManager: Mounting plugin AlembicImporter
LogPluginManager: Mounting plugin CharacterAI
LogPluginManager: Mounting plugin HTML5Networking
LogPluginManager: Mounting plugin AndroidMedia
LogPluginManager: Mounting plugin AvfMedia
LogPluginManager: Mounting plugin ImgMedia
LogPluginManager: Mounting plugin LinearTimecode
LogPluginManager: Mounting plugin MediaCompositing
LogPluginManager: Mounting plugin MediaPlayerEditor
LogPluginManager: Mounting plugin WmfMedia
LogPluginManager: Mounting plugin TcpMessaging
LogPluginManager: Mounting plugin UdpMessaging
LogPluginManager: Mounting plugin ActorSequence
LogPluginManager: Mounting plugin LevelSequenceEditor
LogPluginManager: Mounting plugin MatineeToLevelSequence
LogPluginManager: Mounting plugin NetcodeUnitTest
LogPluginManager: Mounting plugin NUTUnrealEngine4
LogPluginManager: Mounting plugin OnlineSubsystemGooglePlay
LogPluginManager: Mounting plugin OnlineSubsystemIOS
LogPluginManager: Mounting plugin OnlineSubsystem
LogPluginManager: Mounting plugin OnlineSubsystemNull
LogPluginManager: Mounting plugin OnlineSubsystemUtils
LogPluginManager: Mounting plugin AndroidDeviceProfileSelector
LogPluginManager: Mounting plugin AndroidMoviePlayer
LogPluginManager: Mounting plugin AndroidPermission
LogPluginManager: Mounting plugin AppleARKit
LogPluginManager: Mounting plugin AppleMoviePlayer
LogPluginManager: Mounting plugin ArchVisCharacter
LogPluginManager: Mounting plugin AudioCapture
LogPluginManager: Mounting plugin CableComponent
LogPluginManager: Mounting plugin CustomMeshComponent
LogPluginManager: Mounting plugin ExampleDeviceProfileSelector
LogPluginManager: Mounting plugin GoogleCloudMessaging
LogPluginManager: Mounting plugin ImmediatePhysics
LogPluginManager: Mounting plugin IOSDeviceProfileSelector
LogPluginManager: Mounting plugin LinuxDeviceProfileSelector
LogPluginManager: Mounting plugin LocationServicesBPLibrary
LogPluginManager: Mounting plugin MobilePatchingUtils
LogPluginManager: Mounting plugin OculusVR
LogPluginManager: Plugin shader directory ../../../Engine/Plugins/Runtime/Oculus/OculusVR/Shaders found
LogPluginManager: Mapping shader source directory ../../../Engine/Plugins/Runtime/Oculus/OculusVR/Shaders to virtual directory /Plugin/OculusVR
LogPluginManager: Mounting plugin PhysXVehicles
LogPluginManager: Mounting plugin ProceduralMeshComponent
LogPluginManager: Mounting plugin RuntimePhysXCooking
LogPluginManager: Mounting plugin SteamVR
LogPluginManager: Mounting plugin WindowsMoviePlayer
LogStreaming: Display: Took  1.189s to configure plugins.
LogInit: Using libcurl 7.47.1
LogInit:  - built for x86_64-pc-win32
LogInit:  - supports SSL with OpenSSL/1.0.2g
LogInit:  - supports HTTP deflate (compression) using libz 1.2.8
LogInit:  - other features:
LogInit:      CURL_VERSION_SSL
LogInit:      CURL_VERSION_LIBZ
LogInit:      CURL_VERSION_IPV6
LogInit:      CURL_VERSION_ASYNCHDNS
LogInit:      CURL_VERSION_LARGEFILE
LogInit:      CURL_VERSION_IDN
LogInit:  CurlRequestOptions (configurable via config and command line):
LogInit:  - bVerifyPeer = false  - Libcurl will NOT verify peer certificate
LogInit:  - bUseHttpProxy = false  - Libcurl will NOT use HTTP proxy
LogInit:  - bDontReuseConnections = false  - Libcurl will reuse connections
LogInit:  - CertBundlePath = nullptr  - Libcurl will use whatever was configured at build time.
LogInit:  - MaxHostConnections = 16  - Libcurl will limit the number of connections to a host
LogInit:  - LocalHostAddr = Default
LogInit: WinSock: version 1.1 (2.2), MaxSocks=32767, MaxUdp=65467
LogInit: WinSock: I am DESKTOP-NSVNNF8 (192.168.1.64:0)
LogInit: Build: ++UE4+Release-4.19-CL-4033788
LogInit: Engine Version: 4.19.2-4033788+++UE4+Release-4.19
LogInit: Compatible Engine Version: 4.19.0-3944462+++UE4+Release-4.19
LogInit: Net CL: 3944462
LogDevObjectVersion: Number of dev versions registered: 18
LogDevObjectVersion:   Dev-Blueprints (B0D832E4-1F89-4F0D-ACCF-7EB736FD4AA2): 10
LogDevObjectVersion:   Dev-Build (E1C64328-A22C-4D53-A36C-8E866417BD8C): 0
LogDevObjectVersion:   Dev-Core (375EC13C-06E4-48FB-B500-84F0262A717E): 2
LogDevObjectVersion:   Dev-Editor (E4B068ED-F494-42E9-A231-DA0B2E46BB41): 23
LogDevObjectVersion:   Dev-Framework (CFFC743F-43B0-4480-9391-14DF171D2073): 33
LogDevObjectVersion:   Dev-Mobile (B02B49B5-BB20-44E9-A304-32B752E40360): 2
LogDevObjectVersion:   Dev-Networking (A4E4105C-59A1-49B5-A7C5-40C4547EDFEE): 0
LogDevObjectVersion:   Dev-Online (39C831C9-5AE6-47DC-9A44-9C173E1C8E7C): 0
LogDevObjectVersion:   Dev-Physics (78F01B33-EBEA-4F98-B9B4-84EACCB95AA2): 0
LogDevObjectVersion:   Dev-Platform (6631380F-2D4D-43E0-8009-CF276956A95A): 0
LogDevObjectVersion:   Dev-Rendering (12F88B9F-8875-4AFC-A67C-D90C383ABD29): 25
LogDevObjectVersion:   Dev-Sequencer (7B5AE74C-D270-4C10-A958-57980B212A5A): 6
LogDevObjectVersion:   Dev-VR (D7296918-1DD6-4BDD-9DE2-64A83CC13884): 1
LogDevObjectVersion:   Dev-LoadTimes (C2A15278-BFE7-4AFE-6C17-90FF531DF755): 1
LogDevObjectVersion:   Private-Geometry (6EACA3D4-40EC-4CC1-B786-8BED09428FC5): 2
LogDevObjectVersion:   Dev-AnimPhys (29E575DD-E0A3-4627-9D10-D276232CDCEA): 16
LogDevObjectVersion:   Dev-ReflectionCapture (6B266CEC-1EC7-4B8F-A30B-E4D90942FC07): 1
LogDevObjectVersion:   Dev-Automation (0DF73D61-A23F-47EA-B727-89E90C41499A): 1
LogInit: Compiled (64-bit): Apr 27 2018 02:06:57
LogInit: Compiled with Visual C++: 19.00.24215.01
LogInit: Build Configuration: Development
LogInit: Branch Name: ++UE4+Release-4.19
LogInit: Command Line:  
LogInit: Base Directory: C:/Program Files/Epic Games/UE_4.19/Engine/Binaries/Win64/
LogInit: Installed Engine Build: 1
LogStreaming: Display: Took  0.001s to delete old logs.
LogInit: Presizing for max 8388607 objects, including 0 objects not considered by GC, pre-allocating 0 bytes for permanent pool.
LogInit: Object subsystem initialized
[2018.07.11-05.14.14:302][  0]LogInit: Selected Device Profile: [Windows]
[2018.07.11-05.14.14:302][  0]LogInit: Applying CVar settings loaded from the selected device profile: [Windows]
[2018.07.11-05.14.14:365][  0]LogInit: Computer: DESKTOP-NSVNNF8
[2018.07.11-05.14.14:365][  0]LogInit: User: Joe
[2018.07.11-05.14.14:365][  0]LogInit: CPU Page size=4096, Cores=4
[2018.07.11-05.14.14:365][  0]LogInit: High frequency timer resolution =3.312662 MHz
[2018.07.11-05.14.14:365][  0]LogMemory: Memory total: Physical=12.0GB (12GB approx)
[2018.07.11-05.14.14:365][  0]LogMemory: Platform Memory Stats for Windows
[2018.07.11-05.14.14:365][  0]LogMemory: Process Physical Memory: 275.34 MB used, 275.34 MB peak
[2018.07.11-05.14.14:366][  0]LogMemory: Process Virtual Memory: 264.68 MB used, 264.68 MB peak
[2018.07.11-05.14.14:366][  0]LogMemory: Physical Memory: 5405.92 MB used,  6833.30 MB free, 12239.21 MB total
[2018.07.11-05.14.14:366][  0]LogMemory: Virtual Memory: 4794.24 MB used,  6833.30 MB free, 134217728.00 MB total
[2018.07.11-05.14.14:401][  0]LogInit: Using OS detected language (en-US).
[2018.07.11-05.14.14:401][  0]LogInit: Using OS detected locale (en-US).
[2018.07.11-05.14.14:643][  0]LogTextLocalizationManager: No specific localization for 'en-US' exists, so the 'en' localization will be used.
[2018.07.11-05.14.15:116][  0]LogStreaming: Display: Took  0.715s to EndInitTextLocalization.
[2018.07.11-05.14.15:116][  0]LogInit: Setting process to per monitor DPI aware
[2018.07.11-05.14.15:218][  0]LogSlate: New Slate User Created.  User Index 0, Is Virtual User: 0
[2018.07.11-05.14.15:218][  0]LogSlate: Slate User Registered.  User Index 0, Is Virtual User: 0
[2018.07.11-05.14.19:246][  0]LogD3D11RHI: D3D11 adapters:
[2018.07.11-05.14.19:323][  0]LogD3D11RHI:    0. 'NVIDIA GeForce GTX 780' (Feature Level 11_0)
[2018.07.11-05.14.19:323][  0]LogD3D11RHI:       3039/0/6119 MB DedicatedVideo/DedicatedSystem/SharedSystem, Outputs:1, VendorId:0x10de
[2018.07.11-05.14.19:325][  0]LogD3D11RHI:    1. 'Microsoft Basic Render Driver' (Feature Level 11_0)
[2018.07.11-05.14.19:325][  0]LogD3D11RHI:       0/0/6119 MB DedicatedVideo/DedicatedSystem/SharedSystem, Outputs:0, VendorId:0x1414
[2018.07.11-05.14.19:325][  0]LogD3D11RHI: Chosen D3D11 Adapter: 0
[2018.07.11-05.14.19:331][  0]LogD3D11RHI: Creating new Direct3DDevice
[2018.07.11-05.14.19:331][  0]LogD3D11RHI:     GPU DeviceId: 0x1004 (for the marketing name, search the web for "GPU Device Id")
[2018.07.11-05.14.19:331][  0]LogWindows: EnumDisplayDevices:
[2018.07.11-05.14.19:331][  0]LogWindows:    0. 'NVIDIA GeForce GTX 780' (P:1 D:1)
[2018.07.11-05.14.19:331][  0]LogWindows:    1. 'NVIDIA GeForce GTX 780' (P:0 D:0)
[2018.07.11-05.14.19:332][  0]LogWindows:    2. 'NVIDIA GeForce GTX 780' (P:0 D:0)
[2018.07.11-05.14.19:332][  0]LogWindows:    3. 'NVIDIA GeForce GTX 780' (P:0 D:0)
[2018.07.11-05.14.19:332][  0]LogWindows: DebugString: GetVideoDriverDetailsInvalid PrimaryIsNotTheChoosenAdapter GetVideoDriverDetailsInvalid PrimaryIsNotTheChoosenAdapter GetVideoDriverDetailsInvalid PrimaryIsNotTheChoosenAdapter GetVideoDriverDetailsInvalid PrimaryIsNotTheChoosenAdapter FoundDriverCount:0 
[2018.07.11-05.14.19:332][  0]LogD3D11RHI:     Adapter Name: NVIDIA GeForce GTX 780
[2018.07.11-05.14.19:332][  0]LogD3D11RHI:   Driver Version: Unknown (internal:Unknown, unified:Unknown)
[2018.07.11-05.14.19:332][  0]LogD3D11RHI:      Driver Date: Unknown
[2018.07.11-05.14.19:332][  0]LogRHI: Texture pool is 2127 MB (70% of 3039 MB)
[2018.07.11-05.14.19:360][  0]LogD3D11RHI: [Aftermath] Aftermath enabled but failed to initialize
[2018.07.11-05.14.19:360][  0]LogD3D11RHI: [Aftermath] Aftermath enabled and primed
[2018.07.11-05.14.19:360][  0]LogD3D11RHI: Async texture creation enabled
[2018.07.11-05.14.19:371][  0]LogD3D11RHI: GPU Timing Frequency: 1000.000000 (Debug: 2 1)
[2018.07.11-05.14.19:417][  0]LogShaderCompilers: Guid format shader working directory is -29 characters bigger than the processId version (../../../../../../Users/Joe/Documents/Unreal Projects/Sunken_Pixel_V_0001/Intermediate/Shaders/WorkingDirectory/2444/).
[2018.07.11-05.14.19:418][  0]LogShaderCompilers: Cleaned the shader compiler working directory 'C:/Users/Joe/AppData/Local/Temp/UnrealShaderWorkingDir/78150BE748795D05B3EC57AD78CFE4FF/'.
[2018.07.11-05.14.19:607][  0]LogTemp: Display: Loaded TP AllDesktopTargetPlatform
[2018.07.11-05.14.19:620][  0]LogTemp: Display: Loaded TP MacClientTargetPlatform
[2018.07.11-05.14.19:632][  0]LogTemp: Display: Loaded TP MacNoEditorTargetPlatform
[2018.07.11-05.14.19:645][  0]LogTemp: Display: Loaded TP MacServerTargetPlatform
[2018.07.11-05.14.19:694][  0]LogTemp: Display: Loaded TP MacTargetPlatform
[2018.07.11-05.14.19:707][  0]LogTemp: Display: Loaded TP WindowsClientTargetPlatform
[2018.07.11-05.14.19:721][  0]LogTemp: Display: Loaded TP WindowsNoEditorTargetPlatform
[2018.07.11-05.14.19:736][  0]LogTemp: Display: Loaded TP WindowsServerTargetPlatform
[2018.07.11-05.14.19:742][  0]LogTemp: Display: Loaded TP WindowsTargetPlatform
[2018.07.11-05.14.19:754][  0]LogTemp: Display: Loaded TP Android_ASTCTargetPlatform
[2018.07.11-05.14.19:765][  0]LogTemp: Display: Loaded TP Android_ATCTargetPlatform
[2018.07.11-05.14.19:776][  0]LogTemp: Display: Loaded TP Android_DXTTargetPlatform
[2018.07.11-05.14.19:789][  0]LogTemp: Display: Loaded TP Android_ETC1aTargetPlatform
[2018.07.11-05.14.19:807][  0]LogTemp: Display: Loaded TP Android_ETC1TargetPlatform
[2018.07.11-05.14.19:824][  0]LogTemp: Display: Loaded TP Android_ETC2TargetPlatform
[2018.07.11-05.14.19:849][  0]LogTemp: Display: Loaded TP Android_MultiTargetPlatform
[2018.07.11-05.14.19:849][  0]LogTemp: Display: Loaded TP Android_PVRTCTargetPlatform
[2018.07.11-05.14.19:869][  0]LogTemp: Display: Loaded TP AndroidTargetPlatform
[2018.07.11-05.14.19:870][  0]LogTemp: Display: Loaded TP HTML5TargetPlatform
[2018.07.11-05.14.19:933][  0]LogTemp: Display: Loaded TP IOSTargetPlatform
[2018.07.11-05.14.19:944][  0]LogTemp: Display: Loaded TP TVOSTargetPlatform
[2018.07.11-05.14.19:956][  0]LogTemp: Display: Loaded TP LinuxClientTargetPlatform
[2018.07.11-05.14.19:967][  0]LogTemp: Display: Loaded TP LinuxNoEditorTargetPlatform
[2018.07.11-05.14.19:978][  0]LogTemp: Display: Loaded TP LinuxServerTargetPlatform
[2018.07.11-05.14.20:000][  0]LogTemp: Display: Loaded TP LinuxTargetPlatform
[2018.07.11-05.14.20:000][  0]LogTargetPlatformManager: Display: Building Assets For Windows
[2018.07.11-05.14.20:125][  0]LogXGEController: Cleaning working directory: C:/Users/Joe/AppData/Local/Temp/UnrealXGEWorkingDir/
[2018.07.11-05.14.20:125][  0]LogXGEController: Cannot use XGE Controller as Incredibuild is not installed on this machine.
[2018.07.11-05.14.20:126][  0]LogShaderCompilers: Cannot use XGE Shader Compiler as Incredibuild is not installed on this machine.
[2018.07.11-05.14.20:126][  0]LogShaderCompilers: Display: Using Local Shader Compiler.
[2018.07.11-05.14.23:577][  0]LogDerivedDataCache: Display: Max Cache Size: 512 MB
[2018.07.11-05.14.23:920][  0]LogDerivedDataCache: Loaded boot cache 0.34s 74MB C:/Users/Joe/AppData/Local/UnrealEngine/4.19/DerivedDataCache/Boot.ddc.
[2018.07.11-05.14.23:921][  0]LogDerivedDataCache: Display: Loaded Boot cache: C:/Users/Joe/AppData/Local/UnrealEngine/4.19/DerivedDataCache/Boot.ddc
[2018.07.11-05.14.23:921][  0]LogDerivedDataCache: FDerivedDataBackendGraph:  Pak pak cache file ../../../../../../Users/Joe/Documents/Unreal Projects/Sunken_Pixel_V_0001/DerivedDataCache/DDC.ddp not found, will not use a pak cache.
[2018.07.11-05.14.23:921][  0]LogDerivedDataCache: Unable to find inner node Pak for hierarchical cache Hierarchy.
[2018.07.11-05.14.23:921][  0]LogDerivedDataCache: FDerivedDataBackendGraph:  CompressedPak pak cache file ../../../../../../Users/Joe/Documents/Unreal Projects/Sunken_Pixel_V_0001/DerivedDataCache/Compressed.ddp not found, will not use a pak cache.
[2018.07.11-05.14.23:921][  0]LogDerivedDataCache: Unable to find inner node CompressedPak for hierarchical cache Hierarchy.
[2018.07.11-05.14.23:936][  0]LogDerivedDataCache: Display: Pak cache opened for reading ../../../Engine/DerivedDataCache/Compressed.ddp.
[2018.07.11-05.14.23:948][  0]LogDerivedDataCache: Using Local data cache path C:/Users/Joe/AppData/Local/UnrealEngine/Common/DerivedDataCache: Writable
[2018.07.11-05.14.23:948][  0]LogDerivedDataCache: Shared data cache path not found in *engine.ini, will not use an Shared cache.
[2018.07.11-05.14.23:948][  0]LogDerivedDataCache: Unable to find inner node Shared for hierarchical cache Hierarchy.
[2018.07.11-05.14.23:959][  0]LogMaterial: Verifying Global Shaders for PCD3D_SM5
[2018.07.11-05.14.23:960][  0]LogSlate: Using Freetype 2.6.0
[2018.07.11-05.14.23:992][  0]LogSlate: SlateFontCache - WITH_FREETYPE: 1, WITH_HARFBUZZ: 1
[2018.07.11-05.14.23:992][  0]LogSlate: SlateFontCache - WITH_FREETYPE: 1, WITH_HARFBUZZ: 1
[2018.07.11-05.14.25:387][  0]LogAssetRegistry: FAssetRegistry took 0.0255 seconds to start up
[2018.07.11-05.14.25:678][  0]LogInit: Selected Device Profile: [Windows]
[2018.07.11-05.14.25:815][  0]LogSimplygon: Simplygon DLL not present - disabling.
[2018.07.11-05.14.25:818][  0]LogMeshReduction: Using SimplygonSwarm for distributed automatic mesh merging
[2018.07.11-05.14.25:818][  0]LogMeshReduction: Using QuadricMeshReduction for automatic static mesh reduction
[2018.07.11-05.14.25:818][  0]LogMeshReduction: No automatic skeletal mesh reduction module available
[2018.07.11-05.14.25:818][  0]LogMeshReduction: No automatic mesh merging module available
[2018.07.11-05.14.25:818][  0]LogMeshMerging: No automatic mesh merging module available
[2018.07.11-05.14.25:845][  0]LogNetVersion: Sunken_Pixel_V_0001 , NetCL: 3944462, EngineNetVer: 2, GameNetVer: 0 (Checksum: 3441399698)
[2018.07.11-05.14.26:243][  0]LogPackageLocalizationCache: Processed 9 localized package path(s) for 2 prioritized culture(s) in 0.069188 seconds
[2018.07.11-05.14.26:249][  0]LogUObjectArray: 36728 objects as part of root set at end of initial load.
[2018.07.11-05.14.26:249][  0]LogUObjectAllocator: 7314304 out of 0 bytes used by permanent object pool.
[2018.07.11-05.14.26:249][  0]LogUObjectArray: CloseDisregardForGC: 0/0 objects in disregard for GC pool
[2018.07.11-05.14.46:424][  0]LogTcpMessaging: Initializing TcpMessaging bridge
[2018.07.11-05.14.46:453][  0]LogUdpMessaging: Initializing bridge on interface 0.0.0.0:0 to multicast group 230.0.0.1:6666.
[2018.07.11-05.14.47:032][  0]SourceControl: Source control is disabled
[2018.07.11-05.14.47:032][  0]SourceControl: Source control is disabled
[2018.07.11-05.14.47:049][  0]SourceControl: Source control is disabled
[2018.07.11-05.14.47:064][  0]SourceControl: Source control is disabled
[2018.07.11-05.14.47:583][  0]LogAndroidPermission: UAndroidPermissionCallbackProxy::GetInstance
[2018.07.11-05.14.47:703][  0]LogOcInput: OculusInput pre-init called
[2018.07.11-05.14.47:846][  0]LogEngine: Initializing Engine...
[2018.07.11-05.14.47:848][  0]LogHMD: Failed to initialize OpenVR with code 110
[2018.07.11-05.14.47:849][  0]LogStats: UGameplayTagsManager::ConstructGameplayTagTree: Construct from data asset -  0.000 s
[2018.07.11-05.14.47:849][  0]LogStats: UGameplayTagsManager::ConstructGameplayTagTree: GameplayTagTreeChangedEvent.Broadcast -  0.000 s
[2018.07.11-05.14.48:082][  0]LogAIModule: Creating AISystem for world Untitled
[2018.07.11-05.14.48:087][  0]LogInit: XAudio2 using '49S405-4 (NVIDIA High Definition Audio)' : 2 channels at 48 kHz using 16 bits per sample (channel mask 0x3)
[2018.07.11-05.14.48:097][  0]LogInit: FAudioDevice initialized.
[2018.07.11-05.14.48:260][  0]LogDerivedDataCache: Saved boot cache 0.16s 74MB C:/Users/Joe/AppData/Local/UnrealEngine/4.19/DerivedDataCache/Boot.ddc.
[2018.07.11-05.14.48:269][  0]LogInit: Texture streaming: Enabled
[2018.07.11-05.14.48:286][  0]LogEngineSessionManager: EngineSessionManager initialized
[2018.07.11-05.14.48:300][  0]LogInit: Transaction tracking system initialized
[2018.07.11-05.14.48:321][  0]BlueprintLog: New page: Editor Load
[2018.07.11-05.14.48:438][  0]LocalizationService: Localization service is disabled
[2018.07.11-05.14.48:515][  0]LogLinker: Warning: Can't find file '/Game/InventorySystem/InventoryTutorial'
[2018.07.11-05.14.48:515][  0]LogLinker: Warning: Can't find file '/Game/InventorySystem/InventoryTutorial'
[2018.07.11-05.14.48:515][  0]LogUObjectGlobals: Warning: Failed to find object 'Class /Game/InventorySystem/InventoryTutorial.InventoryTutorial_C'
[2018.07.11-05.14.48:597][  0]LogConsoleResponse: Display: 
[2018.07.11-05.14.48:736][  0]LogCook: Display: Max memory allowance for cook 16384mb min free memory 0mb
[2018.07.11-05.14.48:736][  0]LogCook: Display: Mobile HDR setting 1
[2018.07.11-05.14.48:736][  0]LogGameplayTags: Display: UGameplayTagsManager::DoneAddingNativeTags. DelegateIsBound: 0
[2018.07.11-05.14.48:736][  0]LogStats: UGameplayTagsManager::ConstructGameplayTagTree: Construct from data asset -  0.000 s
[2018.07.11-05.14.48:736][  0]LogStats: UGameplayTagsManager::ConstructGameplayTagTree: GameplayTagTreeChangedEvent.Broadcast -  0.000 s
[2018.07.11-05.14.49:175][  0]LogFileCache: Scanning file cache for directory 'C:/Users/Joe/Documents/Unreal Projects/Sunken_Pixel_V_0001/Content/' took 0.01s
[2018.07.11-05.14.49:617][  0]SourceControl: Source control is disabled
[2018.07.11-05.14.49:617][  0]Cmd: MAP LOAD FILE="../../../../../../Users/Joe/Documents/Unreal Projects/Sunken_Pixel_V_0001/Content/ThirdPersonBP/Maps/ThirdPersonExampleMap.umap" TEMPLATE=0 SHOWPROGRESS=1 FEATURELEVEL=3
[2018.07.11-05.14.49:617][  0]LogEditorServer: Warning: Can't find file '../../../../../../Users/Joe/Documents/Unreal Projects/Sunken_Pixel_V_0001/Content/ThirdPersonBP/Maps/ThirdPersonExampleMap.umap'
[2018.07.11-05.14.49:617][  0]Cmd: MAP CHECKDEP NOCLEARLOG
[2018.07.11-05.14.49:661][  0]MapCheck: Map check complete: 0 Error(s), 0 Warning(s), took 43.865ms to complete.
[2018.07.11-05.14.49:661][  0]LogFileHelpers: Loading map 'ThirdPersonExampleMap' took 0.044
[2018.07.11-05.14.49:845][  0]LogCollectionManager: Loaded 0 collections in 0.002070 seconds
[2018.07.11-05.14.49:885][  0]LogFileCache: Scanning file cache for directory 'C:/Users/Joe/Documents/Unreal Projects/Sunken_Pixel_V_0001/Saved/Collections/' took 0.01s
[2018.07.11-05.14.49:885][  0]LogFileCache: Scanning file cache for directory 'C:/Users/Joe/Documents/Unreal Projects/Sunken_Pixel_V_0001/Content/Developers/Joe/Collections/' took 0.01s
[2018.07.11-05.14.49:885][  0]LogFileCache: Scanning file cache for directory 'C:/Users/Joe/Documents/Unreal Projects/Sunken_Pixel_V_0001/Content/Collections/' took 0.01s
[2018.07.11-05.14.49:885][  0]LogCollectionManager: Rebuilt the GUID cache for 0 collections in 0.000000 seconds
[2018.07.11-05.14.49:893][  0]LogContentBrowser: Native class hierarchy populated in 0.0080 seconds. Added 2452 classes and 558 folders.
[2018.07.11-05.14.49:900][  0]LogContentBrowser: Native class hierarchy updated for 'WidgetCarousel' in 0.0002 seconds. Added 0 classes and 0 folders.
[2018.07.11-05.14.50:632][  0]LogContentBrowser: Native class hierarchy updated for 'AddContentDialog' in 0.0002 seconds. Added 0 classes and 0 folders.
[2018.07.11-05.14.50:636][  0]LogContentBrowser: Native class hierarchy updated for 'SceneOutliner' in 0.0002 seconds. Added 1 classes and 2 folders.
[2018.07.11-05.14.50:691][  0]LogSlate: Took 0.000219 seconds to synchronously load lazily loaded font '../../../Engine/Content/Slate/Fonts/Roboto-Regular.ttf' (155K)
[2018.07.11-05.14.50:693][  0]LogSlate: Took 0.000207 seconds to synchronously load lazily loaded font '../../../Engine/Content/Slate/Fonts/Roboto-Bold.ttf' (160K)
[2018.07.11-05.14.50:750][  0]LogSlate: Took 0.050682 seconds to synchronously load lazily loaded font '../../../Engine/Content/Editor/Slate/Fonts/FontAwesome.ttf' (139K)
[2018.07.11-05.14.50:851][  0]LogRenderer: Reallocating scene render targets to support 1200x532 Format 10 NumSamples 1 (Frame:1).
[2018.07.11-05.14.51:017][  0]LogContentBrowser: Native class hierarchy updated for 'HierarchicalLODOutliner' in 0.0003 seconds. Added 0 classes and 0 folders.
[2018.07.11-05.14.51:017][  0]LogLoad: (Engine Initialization) Total time: 39.29 seconds
[2018.07.11-05.14.51:017][  0]LogLoad: (Engine Initialization) Total Blueprint compile time: 0.00 seconds
[2018.07.11-05.14.51:047][  0]LogContentStreaming: Texture pool size now 1000 MB
[2018.07.11-05.14.51:113][  1]LogAssetRegistry: Asset discovery search completed in 25.7483 seconds
[2018.07.11-05.14.51:115][  1]LogCollectionManager: Rebuilt the object cache for 0 collections in 0.000001 seconds (found 0 objects)
[2018.07.11-05.14.51:115][  1]LogCollectionManager: Fixed up redirectors for 0 collections in 0.000042 seconds (updated 0 objects)
[2018.07.11-05.14.57:490][741]LogSlate: FSceneViewport::OnFocusLost() reason 0
[2018.07.11-05.15.03:454][444]LogUObjectGlobals: Created PersistentFrame Addr=0x0000026a387e0740, Size=64, Default__ThirdPerson_AnimBP_C Function /Game/Mannequin/Animations/ThirdPerson_AnimBP.ThirdPerson_AnimBP_C:ExecuteUbergraph_ThirdPerson_AnimBP
[2018.07.11-05.15.03:464][444]LogUObjectGlobals: Destroyed PersistentFrame Addr=0x0000026a387e0740, Size=64
[2018.07.11-05.15.03:464][444]LogUObjectGlobals: Created PersistentFrame Addr=0x0000026a56d1bb80, Size=64, Default__ThirdPerson_AnimBP_C Function /Engine/Transient.REINST_ThirdPerson_AnimBP_C_0:ExecuteUbergraph_ThirdPerson_AnimBP
[2018.07.11-05.15.03:471][444]LogUObjectGlobals: Created PersistentFrame Addr=0x0000026a2ae06250, Size=72, Default__ThirdPerson_AnimBP_C Function /Game/Mannequin/Animations/ThirdPerson_AnimBP.ThirdPerson_AnimBP_C:ExecuteUbergraph_ThirdPerson_AnimBP
[2018.07.11-05.15.03:500][444]LogUObjectGlobals: Created PersistentFrame Addr=0x0000026a3e716340, Size=296, Default__BasePlayer_C Function /Game/BluePrint/Player/BasePlayer.BasePlayer_C:ExecuteUbergraph_BasePlayer
[2018.07.11-05.15.03:505][444]LogUObjectGlobals: Destroyed PersistentFrame Addr=0x0000026a3e716340, Size=296
[2018.07.11-05.15.03:505][444]LogUObjectGlobals: Created PersistentFrame Addr=0x0000026a3e716340, Size=296, Default__BasePlayer_C Function /Engine/Transient.REINST_BasePlayer_C_4:ExecuteUbergraph_BasePlayer
[2018.07.11-05.15.03:507][444]LogBlueprint: Warning: [Compiler BasePlayer] InputAction Event references unknown Action 'Jump' for  InputAction Jump
[2018.07.11-05.15.03:510][444]LogUObjectGlobals: Created PersistentFrame Addr=0x0000026a3e714cc0, Size=296, Default__BasePlayer_C Function /Game/BluePrint/Player/BasePlayer.BasePlayer_C:ExecuteUbergraph_BasePlayer
[2018.07.11-05.15.03:512][444]LogBlueprint: Warning: [Compiler BasePlayer] [0051.79] Compile of BasePlayer successful, but with 1 Warning(s) [in 8 ms] (/Game/BluePrint/Player/BasePlayer.BasePlayer)
[2018.07.11-05.15.03:525][444]LogUObjectGlobals: Created PersistentFrame Addr=0x0000026a3e6ed000, Size=968, Default__BasePlayerController_C Function /Game/BluePrint/Player/BasePlayerController.BasePlayerController_C:ExecuteUbergraph_BasePlayerController
[2018.07.11-05.15.03:528][444]LogUObjectGlobals: Created PersistentFrame Addr=0x0000026a6a54b000, Size=960, Default__PlayerCharacter_C Function /Game/BluePrint/Player/PlayerCharacter.PlayerCharacter_C:ExecuteUbergraph_PlayerCharacter
[2018.07.11-05.15.03:528][444]LogUObjectGlobals: Created PersistentFrame Addr=0x0000026a3e714900, Size=296, Default__PlayerCharacter_C Function /Game/BluePrint/Player/BasePlayer.BasePlayer_C:ExecuteUbergraph_BasePlayer
[2018.07.11-05.15.03:538][444]LogUObjectGlobals: Created PersistentFrame Addr=0x0000026a3b16d000, Size=496, Default__bp_inflict_status_component_C Function /Game/BluePrint/Utility/bp_inflict_status_component.bp_inflict_status_component_C:ExecuteUbergraph_bp_inflict_status_component
[2018.07.11-05.15.03:540][444]LogUObjectGlobals: Created PersistentFrame Addr=0x0000026a3b16ce00, Size=512, Default__bp_biobomb_C Function /Game/BluePrint/Enemies/bp_biobomb.bp_biobomb_C:ExecuteUbergraph_bp_biobomb
[2018.07.11-05.15.03:547][444]LogUObjectGlobals: Created PersistentFrame Addr=0x0000026a6a540b80, Size=288, Default__bp_inventory_component_C Function /Game/BluePrint/Utility/bp_inventory_component.bp_inventory_component_C:ExecuteUbergraph_bp_inventory_component
[2018.07.11-05.15.03:548][444]LogUObjectGlobals: Created PersistentFrame Addr=0x0000026a6a540a40, Size=320, Default__bp_basepickup_C Function /Game/BluePrint/Items_Pickups/bp_basepickup.bp_basepickup_C:ExecuteUbergraph_bp_basepickup
[2018.07.11-05.15.03:576][444]LogUObjectGlobals: Created PersistentFrame Addr=0x0000026a2addff10, Size=48, Default__w_inventory_item_Info_C Function /Game/BluePrint/UI/w_inventory_item_Info.w_inventory_item_Info_C:ExecuteUbergraph_w_inventory_item_Info
[2018.07.11-05.15.03:579][444]LogUObjectGlobals: Created PersistentFrame Addr=0x0000026a3b177c40, Size=32, Default__bp_inventory_hud_C Function /Game/BluePrint/UI/bp_inventory_hud.bp_inventory_hud_C:ExecuteUbergraph_bp_inventory_hud
[2018.07.11-05.15.03:584][444]LogUObjectGlobals: Created PersistentFrame Addr=0x0000026a3b146e10, Size=112, Default__w_PauseMenu_C Function /Game/BluePrint/UI/w_PauseMenu.w_PauseMenu_C:ExecuteUbergraph_w_PauseMenu
[2018.07.11-05.15.03:609][444]LogUObjectGlobals: Created PersistentFrame Addr=0x0000026a6a072be0, Size=224, Default__bp_void_negation_zone_C Function /Game/BluePrint/Enemies/bp_void_negation_zone.bp_void_negation_zone_C:ExecuteUbergraph_bp_void_negation_zone
[2018.07.11-05.15.03:670][444]LogUObjectGlobals: Destroyed PersistentFrame Addr=0x0000026a6a540a40, Size=320
[2018.07.11-05.15.03:670][444]LogUObjectGlobals: Created PersistentFrame Addr=0x0000026a6a07d1c0, Size=320, Default__bp_basepickup_C Function /Engine/Transient.REINST_bp_basepickup_C_9:ExecuteUbergraph_bp_basepickup
[2018.07.11-05.15.03:670][444]LogUObjectGlobals: Destroyed PersistentFrame Addr=0x0000026a3b16ce00, Size=512
[2018.07.11-05.15.03:670][444]LogUObjectGlobals: Created PersistentFrame Addr=0x0000026a3c599c00, Size=512, Default__bp_biobomb_C Function /Engine/Transient.REINST_bp_biobomb_C_10:ExecuteUbergraph_bp_biobomb
[2018.07.11-05.15.03:671][444]LogUObjectGlobals: Destroyed PersistentFrame Addr=0x0000026a3b16d000, Size=496
[2018.07.11-05.15.03:671][444]LogUObjectGlobals: Created PersistentFrame Addr=0x0000026a3c599a00, Size=496, Default__bp_inflict_status_component_C Function /Engine/Transient.REINST_bp_inflict_status_component_C_11:ExecuteUbergraph_bp_inflict_status_component
[2018.07.11-05.15.03:671][444]LogUObjectGlobals: Destroyed PersistentFrame Addr=0x0000026a6a540b80, Size=288
[2018.07.11-05.15.03:671][444]LogUObjectGlobals: Created PersistentFrame Addr=0x0000026a6a07d080, Size=288, Default__bp_inventory_component_C Function /Engine/Transient.REINST_bp_inventory_component_C_12:ExecuteUbergraph_bp_inventory_component
[2018.07.11-05.15.03:671][444]LogUObjectGlobals: Destroyed PersistentFrame Addr=0x0000026a6a072be0, Size=224
[2018.07.11-05.15.03:671][444]LogUObjectGlobals: Created PersistentFrame Addr=0x0000026a3c376860, Size=224, Default__bp_void_negation_zone_C Function /Engine/Transient.REINST_bp_void_negation_zone_C_13:ExecuteUbergraph_bp_void_negation_zone
[2018.07.11-05.15.03:672][444]LogUObjectGlobals: Destroyed PersistentFrame Addr=0x0000026a3e6ed000, Size=968
[2018.07.11-05.15.03:672][444]LogUObjectGlobals: Created PersistentFrame Addr=0x0000026a3c553400, Size=968, Default__BasePlayerController_C Function /Engine/Transient.REINST_BasePlayerController_C_14:ExecuteUbergraph_BasePlayerController
[2018.07.11-05.15.03:672][444]LogUObjectGlobals: Destroyed PersistentFrame Addr=0x0000026a3b177c40, Size=32
[2018.07.11-05.15.03:672][444]LogUObjectGlobals: Created PersistentFrame Addr=0x0000026a3c3dc2e0, Size=32, Default__bp_inventory_hud_C Function /Engine/Transient.REINST_bp_inventory_hud_C_0:ExecuteUbergraph_bp_inventory_hud
[2018.07.11-05.15.03:672][444]LogUObjectGlobals: Destroyed PersistentFrame Addr=0x0000026a2addff10, Size=48
[2018.07.11-05.15.03:672][444]LogUObjectGlobals: Created PersistentFrame Addr=0x0000026a2addff10, Size=48, Default__w_inventory_item_Info_C Function /Engine/Transient.REINST_w_inventory_item_Info_C_1:ExecuteUbergraph_w_inventory_item_Info
[2018.07.11-05.15.03:673][444]LogUObjectGlobals: Destroyed PersistentFrame Addr=0x0000026a3b146e10, Size=112
[2018.07.11-05.15.03:673][444]LogUObjectGlobals: Created PersistentFrame Addr=0x0000026a2ade1de0, Size=112, Default__w_PauseMenu_C Function /Engine/Transient.REINST_w_PauseMenu_C_2:ExecuteUbergraph_w_PauseMenu
[2018.07.11-05.15.03:674][444]LogUObjectGlobals: Destroyed PersistentFrame Addr=0x0000026a6a54b000, Size=960
[2018.07.11-05.15.03:674][444]LogUObjectGlobals: Destroyed PersistentFrame Addr=0x0000026a3e714900, Size=296
[2018.07.11-05.15.03:674][444]LogUObjectGlobals: Created PersistentFrame Addr=0x0000026a3c553000, Size=960, Default__PlayerCharacter_C Function /Engine/Transient.REINST_PlayerCharacter_C_15:ExecuteUbergraph_PlayerCharacter
[2018.07.11-05.15.03:674][444]LogUObjectGlobals: Created PersistentFrame Addr=0x0000026a6a07ce00, Size=296, Default__PlayerCharacter_C Function /Game/BluePrint/Player/BasePlayer.BasePlayer_C:ExecuteUbergraph_BasePlayer
[2018.07.11-05.15.03:753][444]LogUObjectGlobals: Created PersistentFrame Addr=0x0000026a3f2d6700, Size=320, Default__bp_basepickup_C Function /Game/BluePrint/Items_Pickups/bp_basepickup.bp_basepickup_C:ExecuteUbergraph_bp_basepickup
[2018.07.11-05.15.03:755][444]LogUObjectGlobals: Created PersistentFrame Addr=0x0000026a3f1b7000, Size=512, Default__bp_biobomb_C Function /Game/BluePrint/Enemies/bp_biobomb.bp_biobomb_C:ExecuteUbergraph_bp_biobomb
[2018.07.11-05.15.03:761][444]LogUObjectGlobals: Created PersistentFrame Addr=0x0000026a3f1b6c00, Size=496, Default__bp_inflict_status_component_C Function /Game/BluePrint/Utility/bp_inflict_status_component.bp_inflict_status_component_C:ExecuteUbergraph_bp_inflict_status_component
[2018.07.11-05.15.03:765][444]LogUObjectGlobals: Created PersistentFrame Addr=0x0000026a3f2d65c0, Size=288, Default__bp_inventory_component_C Function /Game/BluePrint/Utility/bp_inventory_component.bp_inventory_component_C:ExecuteUbergraph_bp_inventory_component
[2018.07.11-05.15.03:766][444]LogUObjectGlobals: Created PersistentFrame Addr=0x0000026a3f1f0720, Size=224, Default__bp_void_negation_zone_C Function /Game/BluePrint/Enemies/bp_void_negation_zone.bp_void_negation_zone_C:ExecuteUbergraph_bp_void_negation_zone
[2018.07.11-05.15.03:771][444]LogUObjectGlobals: Created PersistentFrame Addr=0x0000026a3f06b800, Size=968, Default__BasePlayerController_C Function /Game/BluePrint/Player/BasePlayerController.BasePlayerController_C:ExecuteUbergraph_BasePlayerController
[2018.07.11-05.15.03:773][444]LogUObjectGlobals: Created PersistentFrame Addr=0x0000026a3f039180, Size=32, Default__bp_inventory_hud_C Function /Game/BluePrint/UI/bp_inventory_hud.bp_inventory_hud_C:ExecuteUbergraph_bp_inventory_hud
[2018.07.11-05.15.03:774][444]LogUObjectGlobals: Created PersistentFrame Addr=0x0000026a3efd31f0, Size=48, Default__w_inventory_item_Info_C Function /Game/BluePrint/UI/w_inventory_item_Info.w_inventory_item_Info_C:ExecuteUbergraph_w_inventory_item_Info
[2018.07.11-05.15.03:775][444]LogUObjectGlobals: Created PersistentFrame Addr=0x0000026a3efa7dd0, Size=112, Default__w_PauseMenu_C Function /Game/BluePrint/UI/w_PauseMenu.w_PauseMenu_C:ExecuteUbergraph_w_PauseMenu
[2018.07.11-05.15.03:783][444]LogUObjectGlobals: Created PersistentFrame Addr=0x0000026a3ef4f800, Size=960, Default__PlayerCharacter_C Function /Game/BluePrint/Player/PlayerCharacter.PlayerCharacter_C:ExecuteUbergraph_PlayerCharacter
[2018.07.11-05.15.03:783][444]LogUObjectGlobals: Created PersistentFrame Addr=0x0000026a3f2d6840, Size=296, Default__PlayerCharacter_C Function /Game/BluePrint/Player/BasePlayer.BasePlayer_C:ExecuteUbergraph_BasePlayer
[2018.07.11-05.15.03:883][444]LogSkeletalMesh: Skeletal Mesh found in DDC [10.864073ms] /Game/Mannequin/Character/Mesh/SK_Mannequin.SK_Mannequin
[2018.07.11-05.15.04:203][444]LogSlate: Took 0.000194 seconds to synchronously load lazily loaded font '../../../Engine/Content/Slate/Fonts/Roboto-Light.ttf' (167K)
[2018.07.11-05.15.04:457][444]LogContentBrowser: Native class hierarchy updated for 'BlueprintGraph' in 0.0005 seconds. Added 116 classes and 0 folders.
[2018.07.11-05.15.04:733][444]LogUObjectGlobals: Created PersistentFrame Addr=0x0000026a6240c4f0, Size=4, Default__SKEL_PROTO_BP_AnimBlueprint_0_C Function /Engine/Transient.SKEL_PROTO_BP_AnimBlueprint_0_C:ExecuteUbergraph_PROTO_BP_AnimBlueprint_0
[2018.07.11-05.15.04:734][444]LogUObjectGlobals: Created PersistentFrame Addr=0x0000026a6240c4e8, Size=4, Default__PROTO_BP_AnimBlueprint_0_C Function /Engine/Transient.PROTO_BP_AnimBlueprint_0_C:ExecuteUbergraph_PROTO_BP_AnimBlueprint_0
[2018.07.11-05.15.05:159][444]LogSlate: Took 0.012638 seconds to synchronously load lazily loaded font '../../../Engine/Content/Slate/Fonts/Roboto-BoldCondensed.ttf' (158K)
[2018.07.11-05.15.05:679][445]LogSlate: Took 0.016885 seconds to synchronously load lazily loaded font '../../../Engine/Content/Slate/Fonts/Roboto-Italic.ttf' (157K)
[2018.07.11-05.15.21:206][537]LogUObjectGlobals: Created PersistentFrame Addr=0x0000026a55e6f400, Size=4, Default__SKEL_bp_inflict_status_component_C Function /Game/BluePrint/Utility/bp_inflict_status_component.SKEL_bp_inflict_status_component_C:ExecuteUbergraph_bp_inflict_status_component
[2018.07.11-05.15.35:152][578]LogUObjectGlobals: Destroyed PersistentFrame Addr=0x0000026a55e6f400, Size=4
[2018.07.11-05.15.35:152][578]LogUObjectGlobals: Created PersistentFrame Addr=0x0000026a55e6f400, Size=4, Default__SKEL_bp_inflict_status_component_C Function /Engine/Transient.REINST_SKEL_bp_inflict_status_component_C_44:ExecuteUbergraph_bp_inflict_status_component
[2018.07.11-05.15.35:162][578]LogUObjectGlobals: Created PersistentFrame Addr=0x0000026a55e6c100, Size=4, Default__SKEL_bp_inflict_status_component_C Function /Game/BluePrint/Utility/bp_inflict_status_component.SKEL_bp_inflict_status_component_C:ExecuteUbergraph_bp_inflict_status_component
[2018.07.11-05.15.37:478][717]LogSlate: Took 0.000187 seconds to synchronously load lazily loaded font '../../../Engine/Content/Slate/Fonts/Roboto-BoldCondensedItalic.ttf' (160K)
[2018.07.11-05.15.38:974][831]LogUObjectGlobals: Destroyed PersistentFrame Addr=0x0000026a55e6c100, Size=4
[2018.07.11-05.15.38:974][831]LogUObjectGlobals: Created PersistentFrame Addr=0x0000026a70231d00, Size=4, Default__SKEL_bp_inflict_status_component_C Function /Engine/Transient.REINST_SKEL_bp_inflict_status_component_C_46:ExecuteUbergraph_bp_inflict_status_component
[2018.07.11-05.15.38:983][831]LogUObjectGlobals: Created PersistentFrame Addr=0x0000026a75cd5ee8, Size=4, Default__SKEL_bp_inflict_status_component_C Function /Game/BluePrint/Utility/bp_inflict_status_component.SKEL_bp_inflict_status_component_C:ExecuteUbergraph_bp_inflict_status_component
[2018.07.11-05.15.42:937][ 97]BlueprintLog: New page: Compile bp_inflict_status_component
[2018.07.11-05.15.42:984][ 97]LogUObjectGlobals: Destroyed PersistentFrame Addr=0x0000026a75cd5ee8, Size=4
[2018.07.11-05.15.42:984][ 97]LogUObjectGlobals: Created PersistentFrame Addr=0x0000026a78f9a650, Size=4, Default__SKEL_bp_inflict_status_component_C Function /Engine/Transient.REINST_SKEL_bp_inflict_status_component_C_48:ExecuteUbergraph_bp_inflict_status_component
[2018.07.11-05.15.43:030][ 97]LogUObjectGlobals: Destroyed PersistentFrame Addr=0x0000026a3f1b6c00, Size=496
[2018.07.11-05.15.43:030][ 97]LogUObjectGlobals: Created PersistentFrame Addr=0x0000026a2b011000, Size=496, bp_inflict_status_component_C_0 Function /Engine/Transient.REINST_bp_inflict_status_component_C_50:ExecuteUbergraph_bp_inflict_status_component
[2018.07.11-05.15.43:050][ 97]LogUObjectGlobals: Created PersistentFrame Addr=0x0000026a6de27c80, Size=448, Default__bp_inflict_status_component_C Function /Game/BluePrint/Utility/bp_inflict_status_component.bp_inflict_status_component_C:ExecuteUbergraph_bp_inflict_status_component
[2018.07.11-05.15.43:081][ 97]LogUObjectGlobals: Destroyed PersistentFrame Addr=0x0000026a56d1bb80, Size=64
[2018.07.11-05.15.43:082][ 97]LogUObjectGlobals: Destroyed PersistentFrame Addr=0x0000026a3e716340, Size=296
[2018.07.11-05.15.43:082][ 97]LogUObjectGlobals: Destroyed PersistentFrame Addr=0x0000026a3c553400, Size=968
[2018.07.11-05.15.43:082][ 97]LogUObjectGlobals: Destroyed PersistentFrame Addr=0x0000026a3c553000, Size=960
[2018.07.11-05.15.43:082][ 97]LogUObjectGlobals: Destroyed PersistentFrame Addr=0x0000026a6a07ce00, Size=296
[2018.07.11-05.15.43:082][ 97]LogUObjectGlobals: Destroyed PersistentFrame Addr=0x0000026a3c599a00, Size=496
[2018.07.11-05.15.43:082][ 97]LogUObjectGlobals: Destroyed PersistentFrame Addr=0x0000026a3c599c00, Size=512
[2018.07.11-05.15.43:082][ 97]LogUObjectGlobals: Destroyed PersistentFrame Addr=0x0000026a6a07d080, Size=288
[2018.07.11-05.15.43:082][ 97]LogUObjectGlobals: Destroyed PersistentFrame Addr=0x0000026a6a07d1c0, Size=320
[2018.07.11-05.15.43:082][ 97]LogUObjectGlobals: Destroyed PersistentFrame Addr=0x0000026a2addff10, Size=48
[2018.07.11-05.15.43:082][ 97]LogUObjectGlobals: Destroyed PersistentFrame Addr=0x0000026a3c3dc2e0, Size=32
[2018.07.11-05.15.43:082][ 97]LogUObjectGlobals: Destroyed PersistentFrame Addr=0x0000026a2ade1de0, Size=112
[2018.07.11-05.15.43:082][ 97]LogUObjectGlobals: Destroyed PersistentFrame Addr=0x0000026a3c376860, Size=224
[2018.07.11-05.15.43:083][ 97]LogUObjectGlobals: Destroyed PersistentFrame Addr=0x0000026a55e6f400, Size=4
[2018.07.11-05.15.43:083][ 97]LogUObjectGlobals: Destroyed PersistentFrame Addr=0x0000026a70231d00, Size=4
[2018.07.11-05.15.43:083][ 97]LogUObjectGlobals: Destroyed PersistentFrame Addr=0x0000026a78f9a650, Size=4
[2018.07.11-05.15.44:091][125]LogSavePackage: Save=120.73ms
[2018.07.11-05.15.44:091][125]LogSavePackage: Moving '../../../../../../Users/Joe/Documents/Unreal Projects/Sunken_Pixel_V_0001/Saved/bp_inflict_status_component9EE21FE14393DFF8EF3BA5B41E422E30.tmp' to '../../../../../../Users/Joe/Documents/Unreal Projects/Sunken_Pixel_V_0001/Content/BluePrint/Utility/bp_inflict_status_component.uasset'
[2018.07.11-05.15.44:095][125]LogSavePackage: Display: Finished SavePackage ../../../../../../Users/Joe/Documents/Unreal Projects/Sunken_Pixel_V_0001/Content/BluePrint/Utility/bp_inflict_status_component.uasset
[2018.07.11-05.15.54:048][819]LogUObjectGlobals: Created PersistentFrame Addr=0x0000026a702320d0, Size=4, Default__SKEL_bp_inflict_status_component_C Function /Game/BluePrint/Utility/bp_inflict_status_component.SKEL_bp_inflict_status_component_C:ExecuteUbergraph_bp_inflict_status_component
[2018.07.11-05.17.00:560][818]BlueprintLog: New page: Compile bp_inflict_status_component
[2018.07.11-05.17.00:611][818]LogUObjectGlobals: Destroyed PersistentFrame Addr=0x0000026a702320d0, Size=4
[2018.07.11-05.17.00:611][818]LogUObjectGlobals: Created PersistentFrame Addr=0x0000026a553d2b08, Size=4, Default__SKEL_bp_inflict_status_component_C Function /Engine/Transient.REINST_SKEL_bp_inflict_status_component_C_54:ExecuteUbergraph_bp_inflict_status_component
[2018.07.11-05.17.00:660][818]LogUObjectGlobals: Destroyed PersistentFrame Addr=0x0000026a6de27c80, Size=448
[2018.07.11-05.17.00:660][818]LogUObjectGlobals: Created PersistentFrame Addr=0x0000026a3eced7c0, Size=448, Default__bp_inflict_status_component_C Function /Engine/Transient.REINST_bp_inflict_status_component_C_56:ExecuteUbergraph_bp_inflict_status_component
[2018.07.11-05.17.00:680][818]LogUObjectGlobals: Created PersistentFrame Addr=0x0000026a70e3ca00, Size=496, Default__bp_inflict_status_component_C Function /Game/BluePrint/Utility/bp_inflict_status_component.bp_inflict_status_component_C:ExecuteUbergraph_bp_inflict_status_component
[2018.07.11-05.17.00:711][818]LogUObjectGlobals: Destroyed PersistentFrame Addr=0x0000026a2b011000, Size=496
[2018.07.11-05.17.00:711][818]LogUObjectGlobals: Destroyed PersistentFrame Addr=0x0000026a553d2b08, Size=4
[2018.07.11-05.17.01:671][845]LogSavePackage: Save=123.87ms
[2018.07.11-05.17.01:671][845]LogSavePackage: Moving '../../../../../../Users/Joe/Documents/Unreal Projects/Sunken_Pixel_V_0001/Saved/bp_inflict_status_componentB50C674346E144093B797C9A41F2DA1D.tmp' to '../../../../../../Users/Joe/Documents/Unreal Projects/Sunken_Pixel_V_0001/Content/BluePrint/Utility/bp_inflict_status_component.uasset'
[2018.07.11-05.17.01:673][845]LogSavePackage: Display: Finished SavePackage ../../../../../../Users/Joe/Documents/Unreal Projects/Sunken_Pixel_V_0001/Content/BluePrint/Utility/bp_inflict_status_component.uasset
[2018.07.11-05.17.22:148][203]LogUObjectGlobals: Created PersistentFrame Addr=0x0000026a7b4e9278, Size=4, Default__SKEL_bp_inflict_status_component_C Function /Game/BluePrint/Utility/bp_inflict_status_component.SKEL_bp_inflict_status_component_C:ExecuteUbergraph_bp_inflict_status_component
[2018.07.11-05.18.00:744][408]LogEditorTransaction: Undo Delete current selection
[2018.07.11-05.18.00:745][408]LogUObjectGlobals: Destroyed PersistentFrame Addr=0x0000026a7b4e9278, Size=4
[2018.07.11-05.18.00:745][408]LogUObjectGlobals: Created PersistentFrame Addr=0x0000026a7b152310, Size=4, Default__SKEL_bp_inflict_status_component_C Function /Engine/Transient.REINST_SKEL_bp_inflict_status_component_C_60:ExecuteUbergraph_bp_inflict_status_component
[2018.07.11-05.18.00:754][408]LogUObjectGlobals: Created PersistentFrame Addr=0x0000026a7b152cf8, Size=4, Default__SKEL_bp_inflict_status_component_C Function /Game/BluePrint/Utility/bp_inflict_status_component.SKEL_bp_inflict_status_component_C:ExecuteUbergraph_bp_inflict_status_component
[2018.07.11-05.18.23:510][238]BlueprintLog: New page: Compile bp_inflict_status_component
[2018.07.11-05.18.23:558][238]LogUObjectGlobals: Destroyed PersistentFrame Addr=0x0000026a7b152cf8, Size=4
[2018.07.11-05.18.23:558][238]LogUObjectGlobals: Created PersistentFrame Addr=0x0000026a78f9add0, Size=4, Default__SKEL_bp_inflict_status_component_C Function /Engine/Transient.REINST_SKEL_bp_inflict_status_component_C_62:ExecuteUbergraph_bp_inflict_status_component
[2018.07.11-05.18.23:608][238]LogUObjectGlobals: Destroyed PersistentFrame Addr=0x0000026a70e3ca00, Size=496
[2018.07.11-05.18.23:608][238]LogUObjectGlobals: Created PersistentFrame Addr=0x0000026a70bcfa00, Size=496, bp_inflict_status_component_C_1 Function /Engine/Transient.REINST_bp_inflict_status_component_C_64:ExecuteUbergraph_bp_inflict_status_component
[2018.07.11-05.18.23:627][238]LogUObjectGlobals: Created PersistentFrame Addr=0x0000026a775b9800, Size=480, Default__bp_inflict_status_component_C Function /Game/BluePrint/Utility/bp_inflict_status_component.bp_inflict_status_component_C:ExecuteUbergraph_bp_inflict_status_component
[2018.07.11-05.18.23:657][238]LogUObjectGlobals: Destroyed PersistentFrame Addr=0x0000026a78f9add0, Size=4
[2018.07.11-05.18.23:657][238]LogUObjectGlobals: Destroyed PersistentFrame Addr=0x0000026a7b152310, Size=4
[2018.07.11-05.18.23:657][238]LogUObjectGlobals: Destroyed PersistentFrame Addr=0x0000026a3eced7c0, Size=448
[2018.07.11-05.18.24:473][271]LogSavePackage: Save=121.67ms
[2018.07.11-05.18.24:473][271]LogSavePackage: Moving '../../../../../../Users/Joe/Documents/Unreal Projects/Sunken_Pixel_V_0001/Saved/bp_inflict_status_componentC9BB0D804A5D4F444ED85F90C26664C4.tmp' to '../../../../../../Users/Joe/Documents/Unreal Projects/Sunken_Pixel_V_0001/Content/BluePrint/Utility/bp_inflict_status_component.uasset'
[2018.07.11-05.18.24:476][271]LogSavePackage: Display: Finished SavePackage ../../../../../../Users/Joe/Documents/Unreal Projects/Sunken_Pixel_V_0001/Content/BluePrint/Utility/bp_inflict_status_component.uasset
[2018.07.11-05.18.39:232][508]LogSavePackage: Save=126.46ms
[2018.07.11-05.18.39:232][508]LogSavePackage: Moving '../../../../../../Users/Joe/Documents/Unreal Projects/Sunken_Pixel_V_0001/Saved/bp_inflict_status_component2BB3574D47FCA709B13AFBB33F3D6D2B.tmp' to '../../../../../../Users/Joe/Documents/Unreal Projects/Sunken_Pixel_V_0001/Content/BluePrint/Utility/bp_inflict_status_component.uasset'
[2018.07.11-05.18.39:233][508]LogSavePackage: Display: Finished SavePackage ../../../../../../Users/Joe/Documents/Unreal Projects/Sunken_Pixel_V_0001/Content/BluePrint/Utility/bp_inflict_status_component.uasset
[2018.07.11-05.18.40:445][608]LogSlate: Window 'bp_inflict_status_component' being destroyed
[2018.07.11-05.18.40:449][608]LogSlate: Window 'bp_inflict_status_component' being destroyed
[2018.07.11-05.18.41:318][702]LogUObjectGlobals: Destroyed PersistentFrame Addr=0x0000026a70bcfa00, Size=496
[2018.07.11-05.18.41:411][702]LogSlate: Window 'Sunken_Pixel_V_0001 - Unreal Editor' being destroyed
[2018.07.11-05.18.41:411][702]LogWindowsTextInputMethodSystem: Display: IME system now deactivated.
[2018.07.11-05.18.41:660][703]Cmd: QUIT_EDITOR
[2018.07.11-05.18.41:692][703]LogSlate: Slate User Destroyed.  User Index 0, Is Virtual User: 0
[2018.07.11-05.18.41:692][703]LogExit: Preparing to exit.
[2018.07.11-05.18.42:590][703]LogDirectoryWatcher: A directory notification for 'C:/Users/Joe/Documents/Unreal Projects/Sunken_Pixel_V_0001/Content/' was aborted.
[2018.07.11-05.18.42:620][703]LogExit: Editor shut down
[2018.07.11-05.18.42:623][703]LogExit: Transaction tracking system shut down
[2018.07.11-05.18.42:624][703]LogUObjectGlobals: Destroyed PersistentFrame Addr=0x0000026a2ae06250, Size=72
[2018.07.11-05.18.42:624][703]LogUObjectGlobals: Destroyed PersistentFrame Addr=0x0000026a3e714cc0, Size=296
[2018.07.11-05.18.42:624][703]LogUObjectGlobals: Destroyed PersistentFrame Addr=0x0000026a3f2d6700, Size=320
[2018.07.11-05.18.42:624][703]LogUObjectGlobals: Destroyed PersistentFrame Addr=0x0000026a3f1b7000, Size=512
[2018.07.11-05.18.42:624][703]LogUObjectGlobals: Destroyed PersistentFrame Addr=0x0000026a3f2d65c0, Size=288
[2018.07.11-05.18.42:624][703]LogUObjectGlobals: Destroyed PersistentFrame Addr=0x0000026a3f1f0720, Size=224
[2018.07.11-05.18.42:624][703]LogUObjectGlobals: Destroyed PersistentFrame Addr=0x0000026a3f06b800, Size=968
[2018.07.11-05.18.42:624][703]LogUObjectGlobals: Destroyed PersistentFrame Addr=0x0000026a3f039180, Size=32
[2018.07.11-05.18.42:624][703]LogUObjectGlobals: Destroyed PersistentFrame Addr=0x0000026a3efd31f0, Size=48
[2018.07.11-05.18.42:624][703]LogUObjectGlobals: Destroyed PersistentFrame Addr=0x0000026a3efa7dd0, Size=112
[2018.07.11-05.18.42:624][703]LogUObjectGlobals: Destroyed PersistentFrame Addr=0x0000026a3ef4f800, Size=960
[2018.07.11-05.18.42:624][703]LogUObjectGlobals: Destroyed PersistentFrame Addr=0x0000026a3f2d6840, Size=296
[2018.07.11-05.18.42:624][703]LogUObjectGlobals: Destroyed PersistentFrame Addr=0x0000026a775b9800, Size=480
[2018.07.11-05.18.42:626][703]LogUObjectGlobals: Destroyed PersistentFrame Addr=0x0000026a6240c4f0, Size=4
[2018.07.11-05.18.42:626][703]LogUObjectGlobals: Destroyed PersistentFrame Addr=0x0000026a6240c4e8, Size=4
[2018.07.11-05.18.42:759][703]LogDirectoryWatcher: A directory notification for '../../../Engine/Content/' was aborted.
[2018.07.11-05.18.42:760][703]LogDirectoryWatcher: A directory notification for '../../../../../../Users/Joe/Documents/Unreal Projects/Sunken_Pixel_V_0001/Content/' was aborted.
[2018.07.11-05.18.42:760][703]LogDirectoryWatcher: A directory notification for '../../Plugins/2D/Paper2D/Content/' was aborted.
[2018.07.11-05.18.42:760][703]LogDirectoryWatcher: A directory notification for '../../Plugins/Enterprise/DatasmithContent/Content/' was aborted.
[2018.07.11-05.18.42:760][703]LogDirectoryWatcher: A directory notification for '../../Plugins/Media/MediaCompositing/Content/' was aborted.
[2018.07.11-05.18.42:760][703]LogDirectoryWatcher: A directory notification for '../../Plugins/Runtime/AppleARKit/Content/' was aborted.
[2018.07.11-05.18.42:760][703]LogDirectoryWatcher: A directory notification for '../../Plugins/Runtime/Oculus/OculusVR/Content/' was aborted.
[2018.07.11-05.18.42:760][703]LogDirectoryWatcher: A directory notification for '../../Plugins/Runtime/Steam/SteamVR/Content/' was aborted.
[2018.07.11-05.18.42:864][703]LogExit: Object subsystem successfully closed.
[2018.07.11-05.18.42:879][703]LogShaderCompilers: Display: Shaders left to compile 0
[2018.07.11-05.18.42:882][703]LogD3D11RHI: Shutdown
[2018.07.11-05.18.42:882][703]LogD3D11RHI: CleanupD3DDevice
[2018.07.11-05.18.42:884][703]LogD3D11RHI: ~FD3D11DynamicRHI
[2018.07.11-05.18.42:898][703]LogModuleManager: Shutting down and abandoning module BlueprintGraph (574)
[2018.07.11-05.18.42:898][703]LogModuleManager: Shutting down and abandoning module HierarchicalLODOutliner (572)
[2018.07.11-05.18.42:899][703]LogModuleManager: Shutting down and abandoning module SceneOutliner (570)
[2018.07.11-05.18.42:899][703]LogModuleManager: Shutting down and abandoning module AddContentDialog (568)
[2018.07.11-05.18.42:899][703]LogDirectoryWatcher: A directory notification for 'C:/Program Files/Epic Games/UE_4.19/FeaturePacks/' was aborted.
[2018.07.11-05.18.42:899][703]LogModuleManager: Shutting down and abandoning module WidgetCarousel (567)
[2018.07.11-05.18.42:899][703]LogModuleManager: Shutting down and abandoning module EditorWidgets (564)
[2018.07.11-05.18.42:900][703]LogModuleManager: Shutting down and abandoning module CollectionManager (562)
[2018.07.11-05.18.42:900][703]LogDirectoryWatcher: A directory notification for 'C:/Users/Joe/Documents/Unreal Projects/Sunken_Pixel_V_0001/Content/Collections/' was aborted.
[2018.07.11-05.18.42:900][703]LogDirectoryWatcher: A directory notification for 'C:/Users/Joe/Documents/Unreal Projects/Sunken_Pixel_V_0001/Content/Developers/Joe/Collections/' was aborted.
[2018.07.11-05.18.42:900][703]LogDirectoryWatcher: A directory notification for 'C:/Users/Joe/Documents/Unreal Projects/Sunken_Pixel_V_0001/Saved/Collections/' was aborted.
[2018.07.11-05.18.42:900][703]LogModuleManager: Shutting down and abandoning module FoliageEdit (560)
[2018.07.11-05.18.42:900][703]LogModuleManager: Shutting down and abandoning module LandscapeEditor (558)
[2018.07.11-05.18.42:900][703]LogModuleManager: Shutting down and abandoning module MeshPaintMode (556)
[2018.07.11-05.18.42:900][703]LogModuleManager: Shutting down and abandoning module SceneDepthPickerMode (554)
[2018.07.11-05.18.42:900][703]LogModuleManager: Shutting down and abandoning module ActorPickerMode (552)
[2018.07.11-05.18.42:900][703]LogModuleManager: Shutting down and abandoning module GeometryMode (550)
[2018.07.11-05.18.42:900][703]LogModuleManager: Shutting down and abandoning module TextureAlignMode (548)
[2018.07.11-05.18.42:900][703]LogModuleManager: Shutting down and abandoning module BspMode (546)
[2018.07.11-05.18.42:900][703]LogModuleManager: Shutting down and abandoning module PIEPreviewDeviceProfileSelector (544)
[2018.07.11-05.18.42:900][703]LogModuleManager: Shutting down and abandoning module HardwareSurvey (542)
[2018.07.11-05.18.42:900][703]LogModuleManager: Shutting down and abandoning module SequenceRecorderSections (540)
[2018.07.11-05.18.42:900][703]LogModuleManager: Shutting down and abandoning module AutomationWorker (538)
[2018.07.11-05.18.42:900][703]LogModuleManager: Shutting down and abandoning module AudioCaptureEditor (536)
[2018.07.11-05.18.42:900][703]LogModuleManager: Shutting down and abandoning module SequenceRecorder (535)
[2018.07.11-05.18.42:900][703]LogModuleManager: Shutting down and abandoning module MatineeToLevelSequence (532)
[2018.07.11-05.18.42:900][703]LogModuleManager: Shutting down and abandoning module LevelSequenceEditor (530)
[2018.07.11-05.18.42:900][703]LogModuleManager: Shutting down and abandoning module PlacementMode (529)
[2018.07.11-05.18.42:900][703]LogModuleManager: Shutting down and abandoning module MaterialEditor (528)
[2018.07.11-05.18.42:900][703]LogModuleManager: Shutting down and abandoning module WmfMediaFactory (524)
[2018.07.11-05.18.42:900][703]LogModuleManager: Shutting down and abandoning module WmfMediaEditor (522)
[2018.07.11-05.18.42:900][703]LogModuleManager: Shutting down and abandoning module MediaPlayerEditor (520)
[2018.07.11-05.18.42:900][703]LogModuleManager: Shutting down and abandoning module OpenExrWrapper (518)
[2018.07.11-05.18.42:900][703]LogModuleManager: Shutting down and abandoning module ImgMediaFactory (516)
[2018.07.11-05.18.42:900][703]LogModuleManager: Shutting down and abandoning module ImgMediaEditor (514)
[2018.07.11-05.18.42:900][703]LogModuleManager: Shutting down and abandoning module AvfMediaFactory (512)
[2018.07.11-05.18.42:900][703]LogModuleManager: Shutting down and abandoning module AvfMediaEditor (510)
[2018.07.11-05.18.42:900][703]LogModuleManager: Shutting down and abandoning module AndroidMediaFactory (508)
[2018.07.11-05.18.42:900][703]LogModuleManager: Shutting down and abandoning module AndroidMediaEditor (506)
[2018.07.11-05.18.42:900][703]LogModuleManager: Shutting down and abandoning module CharacterAI (504)
[2018.07.11-05.18.42:900][703]LogModuleManager: Shutting down and abandoning module SmartSnapping (502)
[2018.07.11-05.18.42:900][703]LogModuleManager: Shutting down and abandoning module SessionServices (500)
[2018.07.11-05.18.42:900][703]LogModuleManager: Shutting down and abandoning module ViewportSnapping (498)
[2018.07.11-05.18.42:900][703]LogModuleManager: Shutting down and abandoning module ViewportInteraction (496)
[2018.07.11-05.18.42:901][703]LogModuleManager: Shutting down and abandoning module ClothPainter (494)
[2018.07.11-05.18.42:901][703]LogModuleManager: Shutting down and abandoning module SkeletalMeshEditor (493)
[2018.07.11-05.18.42:901][703]LogModuleManager: Shutting down and abandoning module LogVisualizer (490)
[2018.07.11-05.18.42:901][703]LogModuleManager: Shutting down and abandoning module IntroTutorials (488)
[2018.07.11-05.18.42:901][703]LogModuleManager: Shutting down and abandoning module GameProjectGeneration (487)
[2018.07.11-05.18.42:901][703]LogModuleManager: Shutting down and abandoning module IOSPlatformEditor (484)
[2018.07.11-05.18.42:901][703]LogModuleManager: Shutting down and abandoning module HTML5PlatformEditor (482)
[2018.07.11-05.18.42:901][703]LogModuleManager: Shutting down and abandoning module AndroidPlatformEditor (480)
[2018.07.11-05.18.42:901][703]LogModuleManager: Shutting down and abandoning module AndroidDeviceDetection (479)
[2018.07.11-05.18.43:617][703]LogModuleManager: Shutting down and abandoning module WindowsPlatformEditor (476)
[2018.07.11-05.18.43:617][703]LogModuleManager: Shutting down and abandoning module IOSRuntimeSettings (474)
[2018.07.11-05.18.43:617][703]LogModuleManager: Shutting down and abandoning module AndroidRuntimeSettings (472)
[2018.07.11-05.18.43:617][703]LogModuleManager: Shutting down and abandoning module InputBindingEditor (470)
[2018.07.11-05.18.43:617][703]LogModuleManager: Shutting down and abandoning module MergeActors (468)
[2018.07.11-05.18.43:617][703]LogModuleManager: Shutting down and abandoning module LocalizationDashboard (466)
[2018.07.11-05.18.43:618][703]LogModuleManager: Shutting down and abandoning module LocalizationService (465)
[2018.07.11-05.18.43:618][703]LogModuleManager: Shutting down and abandoning module HardwareTargeting (462)
[2018.07.11-05.18.43:618][703]LogModuleManager: Shutting down and abandoning module DeviceProfileEditor (460)
[2018.07.11-05.18.43:618][703]LogModuleManager: Shutting down and abandoning module UndoHistory (458)
[2018.07.11-05.18.43:618][703]LogModuleManager: Shutting down and abandoning module XmlParser (456)
[2018.07.11-05.18.43:618][703]LogModuleManager: Shutting down and abandoning module Blutility (454)
[2018.07.11-05.18.43:618][703]LogModuleManager: Shutting down and abandoning module ProjectSettingsViewer (452)
[2018.07.11-05.18.43:618][703]LogModuleManager: Shutting down and abandoning module ProjectTargetPlatformEditor (451)
[2018.07.11-05.18.43:618][703]LogModuleManager: Shutting down and abandoning module EditorSettingsViewer (448)
[2018.07.11-05.18.43:618][703]LogModuleManager: Shutting down and abandoning module SettingsEditor (446)
[2018.07.11-05.18.43:618][703]LogModuleManager: Shutting down and abandoning module ProjectLauncher (444)
[2018.07.11-05.18.43:618][703]LogModuleManager: Shutting down and abandoning module SessionFrontend (442)
[2018.07.11-05.18.43:618][703]LogModuleManager: Shutting down and abandoning module ProfilerClient (440)
[2018.07.11-05.18.43:618][703]LogModuleManager: Shutting down and abandoning module DeviceManager (438)
[2018.07.11-05.18.43:618][703]LogModuleManager: Shutting down and abandoning module TargetDeviceServices (437)
[2018.07.11-05.18.43:672][703]LogModuleManager: Shutting down and abandoning module AutomationController (434)
[2018.07.11-05.18.43:672][703]LogModuleManager: Shutting down and abandoning module AutomationWindow (432)
[2018.07.11-05.18.43:672][703]LogModuleManager: Shutting down and abandoning module Layers (430)
[2018.07.11-05.18.43:672][703]LogModuleManager: Shutting down and abandoning module ComponentVisualizers (428)
[2018.07.11-05.18.43:672][703]LogModuleManager: Shutting down and abandoning module DetailCustomizations (426)
[2018.07.11-05.18.43:672][703]LogModuleManager: Shutting down and abandoning module PackagesDialog (424)
[2018.07.11-05.18.43:672][703]LogModuleManager: Shutting down and abandoning module Persona (422)
[2018.07.11-05.18.43:672][703]LogModuleManager: Shutting down and abandoning module AdvancedPreviewScene (421)
[2018.07.11-05.18.43:672][703]LogModuleManager: Shutting down and abandoning module AnimGraph (419)
[2018.07.11-05.18.43:672][703]LogModuleManager: Shutting down and abandoning module Kismet (416)
[2018.07.11-05.18.43:678][703]LogModuleManager: Shutting down and abandoning module GraphEditor (414)
[2018.07.11-05.18.43:678][703]LogModuleManager: Shutting down and abandoning module ClassViewer (412)
[2018.07.11-05.18.43:678][703]LogModuleManager: Shutting down and abandoning module Toolbox (410)
[2018.07.11-05.18.43:678][703]LogModuleManager: Shutting down and abandoning module ModuleUI (408)
[2018.07.11-05.18.43:678][703]LogModuleManager: Shutting down and abandoning module MovieSceneTools (406)
[2018.07.11-05.18.43:678][703]LogModuleManager: Shutting down and abandoning module OutputLog (404)
[2018.07.11-05.18.43:678][703]LogModuleManager: Shutting down and abandoning module GammaUI (402)
[2018.07.11-05.18.43:678][703]LogModuleManager: Shutting down and abandoning module Documentation (400)
[2018.07.11-05.18.43:678][703]LogModuleManager: Shutting down and abandoning module MovieSceneTracks (398)
[2018.07.11-05.18.43:678][703]LogModuleManager: Shutting down and abandoning module MovieScene (396)
[2018.07.11-05.18.43:678][703]LogModuleManager: Shutting down and abandoning module StreamingPauseRendering (394)
[2018.07.11-05.18.43:678][703]LogModuleManager: Shutting down and abandoning module LauncherPlatform (392)
[2018.07.11-05.18.43:679][703]LogModuleManager: Shutting down and abandoning module AnalyticsET (390)
[2018.07.11-05.18.43:679][703]LogModuleManager: Shutting down and abandoning module PortalServices (388)
[2018.07.11-05.18.43:679][703]LogModuleManager: Shutting down and abandoning module PortalRpc (386)
[2018.07.11-05.18.43:679][703]LogModuleManager: Shutting down and abandoning module MessagingRpc (384)
[2018.07.11-05.18.43:679][703]LogModuleManager: Shutting down and abandoning module AIModule (382)
[2018.07.11-05.18.43:679][703]LogModuleManager: Shutting down and abandoning module GameplayDebugger (381)
[2018.07.11-05.18.43:679][703]LogModuleManager: Shutting down and abandoning module AITestSuite (379)
[2018.07.11-05.18.43:679][703]LogModuleManager: Shutting down and abandoning module DesktopPlatform (376)
[2018.07.11-05.18.43:679][703]LogModuleManager: Shutting down and abandoning module ProfilerService (374)
[2018.07.11-05.18.43:793][703]LogModuleManager: Shutting down and abandoning module TaskGraph (372)
[2018.07.11-05.18.43:793][703]LogModuleManager: Shutting down and abandoning module SteamVRController (370)
[2018.07.11-05.18.43:794][703]LogModuleManager: Shutting down and abandoning module ProceduralMeshComponentEditor (368)
[2018.07.11-05.18.43:794][703]LogModuleManager: Shutting down and abandoning module ProceduralMeshComponent (366)
[2018.07.11-05.18.43:794][703]LogModuleManager: Shutting down and abandoning module OculusInput (364)
[2018.07.11-05.18.43:794][703]LogModuleManager: Shutting down and abandoning module MobilePatchingUtils (362)
[2018.07.11-05.18.43:794][703]LogModuleManager: Shutting down and abandoning module CustomMeshComponent (360)
[2018.07.11-05.18.43:794][703]LogModuleManager: Shutting down and abandoning module CableComponent (358)
[2018.07.11-05.18.43:794][703]LogModuleManager: Shutting down and abandoning module AudioCapture (356)
[2018.07.11-05.18.43:794][703]LogModuleManager: Shutting down and abandoning module ArchVisCharacter (354)
[2018.07.11-05.18.43:794][703]LogModuleManager: Shutting down and abandoning module AndroidPermission (352)
[2018.07.11-05.18.43:794][703]LogModuleManager: Shutting down and abandoning module NUTUnrealEngine4 (348)
[2018.07.11-05.18.43:794][703]LogModuleManager: Shutting down and abandoning module NetcodeUnitTest (346)
[2018.07.11-05.18.43:794][703]LogModuleManager: Shutting down and abandoning module MediaCompositingEditor (344)
[2018.07.11-05.18.43:794][703]LogModuleManager: Shutting down and abandoning module MediaCompositing (342)
[2018.07.11-05.18.43:794][703]LogModuleManager: Shutting down and abandoning module LinearTimecode (340)
[2018.07.11-05.18.43:794][703]LogModuleManager: Shutting down and abandoning module ImgMedia (338)
[2018.07.11-05.18.43:798][703]LogModuleManager: Shutting down and abandoning module HTML5Networking (336)
[2018.07.11-05.18.43:798][703]LogModuleManager: Shutting down and abandoning module AlembicImporter (334)
[2018.07.11-05.18.43:798][703]LogModuleManager: Shutting down and abandoning module AlembicLibrary (333)
[2018.07.11-05.18.43:798][703]LogModuleManager: Shutting down and abandoning module GeometryCache (332)
[2018.07.11-05.18.43:798][703]LogModuleManager: Shutting down and abandoning module GeometryCacheEd (331)
[2018.07.11-05.18.43:798][703]LogModuleManager: Shutting down and abandoning module DatasmithContent (326)
[2018.07.11-05.18.43:798][703]LogModuleManager: Shutting down and abandoning module SpeedTreeImporter (324)
[2018.07.11-05.18.43:798][703]LogModuleManager: Shutting down and abandoning module PluginBrowser (322)
[2018.07.11-05.18.43:798][703]LogModuleManager: Shutting down and abandoning module MobileLauncherProfileWizard (320)
[2018.07.11-05.18.43:798][703]LogModuleManager: Shutting down and abandoning module CryptoKeysOpenSSL (318)
[2018.07.11-05.18.43:798][703]LogModuleManager: Shutting down and abandoning module CryptoKeys (316)
[2018.07.11-05.18.43:798][703]LogModuleManager: Shutting down and abandoning module VisualStudioSourceCodeAccess (314)
[2018.07.11-05.18.43:798][703]LogModuleManager: Shutting down and abandoning module VisualStudioCodeSourceCodeAccess (312)
[2018.07.11-05.18.43:798][703]LogModuleManager: Shutting down and abandoning module UObjectPlugin (310)
[2018.07.11-05.18.43:798][703]LogModuleManager: Shutting down and abandoning module SubversionSourceControl (308)
[2018.07.11-05.18.43:798][703]LogModuleManager: Shutting down and abandoning module PerforceSourceControl (306)
[2018.07.11-05.18.43:798][703]LogModuleManager: Shutting down and abandoning module GitSourceControl (304)
[2018.07.11-05.18.43:798][703]LogModuleManager: Shutting down and abandoning module SourceControl (303)
[2018.07.11-05.18.43:798][703]LogModuleManager: Shutting down and abandoning module CLionSourceCodeAccess (300)
[2018.07.11-05.18.43:798][703]LogModuleManager: Shutting down and abandoning module LightPropagationVolumeEditor (298)
[2018.07.11-05.18.43:798][703]LogModuleManager: Shutting down and abandoning module PaperTiledImporter (296)
[2018.07.11-05.18.43:798][703]LogModuleManager: Shutting down and abandoning module PaperSpriteSheetImporter (294)
[2018.07.11-05.18.43:798][703]LogModuleManager: Shutting down and abandoning module Paper2DEditor (292)
[2018.07.11-05.18.43:798][703]LogModuleManager: Shutting down and abandoning module MeshPaint (291)
[2018.07.11-05.18.43:798][703]LogModuleManager: Shutting down and abandoning module RuntimePhysXCooking (288)
[2018.07.11-05.18.43:798][703]LogModuleManager: Shutting down and abandoning module PhysXVehiclesEditor (286)
[2018.07.11-05.18.43:798][703]LogModuleManager: Shutting down and abandoning module PhysXVehicles (284)
[2018.07.11-05.18.43:798][703]LogModuleManager: Shutting down and abandoning module OculusEditor (282)
[2018.07.11-05.18.43:798][703]LogModuleManager: Shutting down and abandoning module LocationServicesBPLibrary (280)
[2018.07.11-05.18.43:799][703]LogModuleManager: Shutting down and abandoning module ImmediatePhysicsEditor (278)
[2018.07.11-05.18.43:799][703]LogModuleManager: Shutting down and abandoning module ImmediatePhysics (276)
[2018.07.11-05.18.43:799][703]LogModuleManager: Shutting down and abandoning module ActorSequence (274)
[2018.07.11-05.18.43:799][703]LogModuleManager: Shutting down and abandoning module UdpMessaging (272)
[2018.07.11-05.18.43:899][703]LogModuleManager: Shutting down and abandoning module TcpMessaging (270)
[2018.07.11-05.18.43:999][703]LogModuleManager: Shutting down and abandoning module GameplayTagsEditor (268)
[2018.07.11-05.18.43:999][703]LogModuleManager: Shutting down and abandoning module FacialAnimationEditor (266)
[2018.07.11-05.18.43:999][703]LogModuleManager: Shutting down and abandoning module FacialAnimation (264)
[2018.07.11-05.18.43:999][703]LogModuleManager: Shutting down and abandoning module DataValidation (262)
[2018.07.11-05.18.43:999][703]LogModuleManager: Shutting down and abandoning module AssetManagerEditor (260)
[2018.07.11-05.18.43:999][703]LogModuleManager: Shutting down and abandoning module LevelEditor (259)
[2018.07.11-05.18.44:000][703]LogModuleManager: Shutting down and abandoning module PixelInspectorModule (258)
[2018.07.11-05.18.44:000][703]LogModuleManager: Shutting down and abandoning module CommonMenuExtensions (256)
[2018.07.11-05.18.44:001][703]LogModuleManager: Shutting down and abandoning module MainFrame (254)
[2018.07.11-05.18.44:001][703]LogModuleManager: Shutting down and abandoning module HotReload (253)
[2018.07.11-05.18.44:001][703]LogModuleManager: Shutting down and abandoning module ContentBrowser (249)
[2018.07.11-05.18.44:003][703]LogModuleManager: Shutting down and abandoning module TreeMap (247)
[2018.07.11-05.18.44:003][703]LogModuleManager: Shutting down and abandoning module LightPropagationVolumeRuntime (244)
[2018.07.11-05.18.44:003][703]LogModuleManager: Shutting down and abandoning module LiveLinkEditor (242)
[2018.07.11-05.18.44:003][703]LogModuleManager: Shutting down and abandoning module LiveLink (240)
[2018.07.11-05.18.44:193][703]LogModuleManager: Shutting down and abandoning module Paper2D (238)
[2018.07.11-05.18.44:194][703]LogModuleManager: Shutting down and abandoning module WindowsMoviePlayer (236)
[2018.07.11-05.18.44:194][703]LogModuleManager: Shutting down and abandoning module WmfMedia (234)
[2018.07.11-05.18.44:197][703]LogModuleManager: Shutting down and abandoning module Media (233)
[2018.07.11-05.18.44:204][703]LogModuleManager: Shutting down and abandoning module PacketHandler (230)
[2018.07.11-05.18.44:204][703]LogModuleManager: Shutting down and abandoning module ClothingSystemEditor (228)
[2018.07.11-05.18.44:204][703]LogModuleManager: Shutting down and abandoning module ClothingSystemRuntime (226)
[2018.07.11-05.18.44:204][703]LogModuleManager: Shutting down and abandoning module MediaAssets (224)
[2018.07.11-05.18.44:204][703]LogModuleManager: Shutting down and abandoning module Overlay (222)
[2018.07.11-05.18.44:204][703]LogModuleManager: Shutting down and abandoning module OverlayEditor (221)
[2018.07.11-05.18.44:204][703]LogModuleManager: Shutting down and abandoning module VREditor (218)
[2018.07.11-05.18.44:205][703]LogModuleManager: Shutting down and abandoning module StringTableEditor (216)
[2018.07.11-05.18.44:205][703]LogModuleManager: Shutting down and abandoning module GameplayTasksEditor (214)
[2018.07.11-05.18.44:205][703]LogModuleManager: Shutting down and abandoning module BehaviorTreeEditor (212)
[2018.07.11-05.18.44:205][703]LogModuleManager: Shutting down and abandoning module FunctionalTesting (210)
[2018.07.11-05.18.44:205][703]LogModuleManager: Shutting down and abandoning module CollisionAnalyzer (208)
[2018.07.11-05.18.44:205][703]LogModuleManager: Shutting down and abandoning module WorkspaceMenuStructure (207)
[2018.07.11-05.18.44:205][703]LogModuleManager: Shutting down and abandoning module UMG (204)
[2018.07.11-05.18.44:206][703]LogModuleManager: Shutting down and abandoning module UMGEditor (203)
[2018.07.11-05.18.44:206][703]LogModuleManager: Shutting down and abandoning module Sequencer (202)
[2018.07.11-05.18.44:206][703]LogModuleManager: Shutting down and abandoning module MessageLog (199)
[2018.07.11-05.18.44:206][703]LogModuleManager: Shutting down and abandoning module SlateReflector (194)
[2018.07.11-05.18.44:206][703]LogModuleManager: Shutting down and abandoning module Slate (192)
[2018.07.11-05.18.44:206][703]LogModuleManager: Shutting down and abandoning module EditorStyle (190)
[2018.07.11-05.18.44:212][703]LogModuleManager: Shutting down and abandoning module MRMesh (188)
[2018.07.11-05.18.44:212][703]LogModuleManager: Shutting down and abandoning module SourceCodeAccess (186)
[2018.07.11-05.18.44:212][703]LogModuleManager: Shutting down and abandoning module HeadMountedDisplay (184)
[2018.07.11-05.18.44:212][703]LogModuleManager: Shutting down and abandoning module XAudio2 (182)
[2018.07.11-05.18.44:213][703]LogModuleManager: Shutting down and abandoning module Networking (180)
[2018.07.11-05.18.44:213][703]LogModuleManager: Shutting down and abandoning module Core (178)
[2018.07.11-05.18.44:213][703]LogModuleManager: Shutting down and abandoning module LevelSequence (176)
[2018.07.11-05.18.44:213][703]LogModuleManager: Shutting down and abandoning module KismetCompiler (174)
[2018.07.11-05.18.44:213][703]LogModuleManager: Shutting down and abandoning module MeshUtilities (172)
[2018.07.11-05.18.44:213][703]LogModuleManager: Shutting down and abandoning module MeshMergeUtilities (171)
[2018.07.11-05.18.44:213][703]LogModuleManager: Shutting down and abandoning module MeshReductionInterface (170)
[2018.07.11-05.18.44:213][703]LogModuleManager: Shutting down and abandoning module SimplygonSwarm (169)
[2018.07.11-05.18.44:213][703]LogModuleManager: Shutting down and abandoning module SimplygonMeshReduction (167)
[2018.07.11-05.18.44:213][703]LogModuleManager: Shutting down and abandoning module QuadricMeshReduction (165)
[2018.07.11-05.18.44:213][703]LogModuleManager: Shutting down and abandoning module MaterialBaking (161)
[2018.07.11-05.18.44:213][703]LogModuleManager: Shutting down and abandoning module DirectoryWatcher (157)
[2018.07.11-05.18.44:216][703]LogModuleManager: Shutting down and abandoning module DerivedDataCache (154)
[2018.07.11-05.18.44:245][703]LogDerivedDataCache: Shutdown
[2018.07.11-05.18.44:246][703]LogModuleManager: Shutting down and abandoning module XGEController (152)
[2018.07.11-05.18.44:246][703]LogXGEController: Cleaning working directory: C:/Users/Joe/AppData/Local/Temp/UnrealXGEWorkingDir/
[2018.07.11-05.18.44:246][703]LogModuleManager: Shutting down and abandoning module TargetPlatform (150)
[2018.07.11-05.18.44:246][703]LogModuleManager: Shutting down and abandoning module VulkanShaderFormat (149)
[2018.07.11-05.18.44:246][703]LogModuleManager: Shutting down and abandoning module ShaderFormatVectorVM (147)
[2018.07.11-05.18.44:246][703]LogModuleManager: Shutting down and abandoning module ShaderFormatOpenGL (145)
[2018.07.11-05.18.44:246][703]LogModuleManager: Shutting down and abandoning module ShaderFormatD3D (143)
[2018.07.11-05.18.44:246][703]LogModuleManager: Shutting down and abandoning module MetalShaderFormat (141)
[2018.07.11-05.18.44:246][703]LogModuleManager: Shutting down and abandoning module TextureFormatUncompressed (139)
[2018.07.11-05.18.44:246][703]LogModuleManager: Shutting down and abandoning module TextureFormatPVR (137)
[2018.07.11-05.18.44:246][703]LogModuleManager: Shutting down and abandoning module TextureFormatDXT (135)
[2018.07.11-05.18.44:246][703]LogModuleManager: Shutting down and abandoning module TextureFormatIntelISPCTexComp (133)
[2018.07.11-05.18.44:247][703]LogModuleManager: Shutting down and abandoning module TextureFormatASTC (131)
[2018.07.11-05.18.44:247][703]LogModuleManager: Shutting down and abandoning module ImageWrapper (130)
[2018.07.11-05.18.44:247][703]LogModuleManager: Shutting down and abandoning module TextureFormatAndroid (127)
[2018.07.11-05.18.44:247][703]LogModuleManager: Shutting down and abandoning module AudioFormatOpus (125)
[2018.07.11-05.18.44:247][703]LogModuleManager: Shutting down and abandoning module AudioFormatOgg (123)
[2018.07.11-05.18.44:247][703]LogModuleManager: Shutting down and abandoning module AudioFormatADPCM (121)
[2018.07.11-05.18.44:247][703]LogModuleManager: Shutting down and abandoning module LinuxTargetPlatform (119)
[2018.07.11-05.18.44:247][703]LogModuleManager: Shutting down and abandoning module LinuxServerTargetPlatform (117)
[2018.07.11-05.18.44:247][703]LogModuleManager: Shutting down and abandoning module LinuxNoEditorTargetPlatform (115)
[2018.07.11-05.18.44:247][703]LogModuleManager: Shutting down and abandoning module LinuxClientTargetPlatform (113)
[2018.07.11-05.18.44:247][703]LogModuleManager: Shutting down and abandoning module TVOSTargetPlatform (111)
[2018.07.11-05.18.44:247][703]LogModuleManager: Shutting down and abandoning module Messaging (109)
[2018.07.11-05.18.44:247][703]LogModuleManager: Shutting down and abandoning module IOSTargetPlatform (107)
[2018.07.11-05.18.44:247][703]LogModuleManager: Shutting down and abandoning module HTML5TargetPlatform (105)
[2018.07.11-05.18.44:247][703]LogModuleManager: Shutting down and abandoning module AndroidTargetPlatform (103)
[2018.07.11-05.18.44:247][703]LogModuleManager: Shutting down and abandoning module Android_PVRTCTargetPlatform (101)
[2018.07.11-05.18.44:247][703]LogModuleManager: Shutting down and abandoning module Android_MultiTargetPlatform (99)
[2018.07.11-05.18.44:247][703]LogModuleManager: Shutting down and abandoning module Android_ETC2TargetPlatform (97)
[2018.07.11-05.18.44:247][703]LogModuleManager: Shutting down and abandoning module Android_ETC1TargetPlatform (95)
[2018.07.11-05.18.44:247][703]LogModuleManager: Shutting down and abandoning module Android_ETC1aTargetPlatform (93)
[2018.07.11-05.18.44:247][703]LogModuleManager: Shutting down and abandoning module Android_DXTTargetPlatform (91)
[2018.07.11-05.18.44:248][703]LogModuleManager: Shutting down and abandoning module Android_ATCTargetPlatform (89)
[2018.07.11-05.18.44:248][703]LogModuleManager: Shutting down and abandoning module Android_ASTCTargetPlatform (87)
[2018.07.11-05.18.44:248][703]LogModuleManager: Shutting down and abandoning module WindowsTargetPlatform (85)
[2018.07.11-05.18.44:248][703]LogModuleManager: Shutting down and abandoning module WindowsServerTargetPlatform (83)
[2018.07.11-05.18.44:248][703]LogModuleManager: Shutting down and abandoning module WindowsNoEditorTargetPlatform (81)
[2018.07.11-05.18.44:248][703]LogModuleManager: Shutting down and abandoning module WindowsClientTargetPlatform (79)
[2018.07.11-05.18.44:248][703]LogModuleManager: Shutting down and abandoning module MacTargetPlatform (77)
[2018.07.11-05.18.44:248][703]LogModuleManager: Shutting down and abandoning module MacServerTargetPlatform (75)
[2018.07.11-05.18.44:248][703]LogModuleManager: Shutting down and abandoning module MacNoEditorTargetPlatform (73)
[2018.07.11-05.18.44:248][703]LogModuleManager: Shutting down and abandoning module MacClientTargetPlatform (71)
[2018.07.11-05.18.44:248][703]LogModuleManager: Shutting down and abandoning module AllDesktopTargetPlatform (69)
[2018.07.11-05.18.44:248][703]LogModuleManager: Shutting down and abandoning module InputCore (66)
[2018.07.11-05.18.44:248][703]LogModuleManager: Shutting down and abandoning module Settings (64)
[2018.07.11-05.18.44:248][703]LogModuleManager: Shutting down and abandoning module PhysXCooking (62)
[2018.07.11-05.18.44:248][703]LogModuleManager: Shutting down and abandoning module SteamVR (60)
[2018.07.11-05.18.44:248][703]LogModuleManager: Shutting down and abandoning module OculusHMD (58)
[2018.07.11-05.18.44:248][703]LogModuleManager: Shutting down and abandoning module ExampleDeviceProfileSelector (56)
[2018.07.11-05.18.44:248][703]LogModuleManager: Shutting down and abandoning module AppleARKit (54)
[2018.07.11-05.18.44:248][703]LogModuleManager: Shutting down and abandoning module AugmentedReality (51)
[2018.07.11-05.18.44:248][703]LogModuleManager: Shutting down and abandoning module OnlineBlueprintSupport (48)
[2018.07.11-05.18.44:248][703]LogModuleManager: Shutting down and abandoning module OnlineSubsystem (44)
[2018.07.11-05.18.44:248][703]LogModuleManager: Shutting down and abandoning module XMPP (43)
[2018.07.11-05.18.44:248][703]LogModuleManager: Shutting down and abandoning module HTTP (41)
[2018.07.11-05.18.44:248][703]LogHttp: Display: Http module shutting down, but needs to wait on 1 outstanding Http requests:
[2018.07.11-05.18.44:248][703]LogHttp: Display: 	verb=[POST] url=[https://datarouter.ol.epicgames.com/datarouter/api/v1/public/data?SessionID=%7B63B62F8D-4398-9C48-EAB1-D9A62194C108%7D&AppID=UEEditor.Rocket.Release&AppVersion=4.19.2-4033788%2B%2B%2BUE4%2BRelease-4.19&UserID=873c34de466444e547219b8340a5f250%7C326ff91aaf2245a6873e1c56edc7960d%7C8c7b405d-edc9-4093-8f63-e8f42895ec8c&AppEnvironment=datacollector-binary&UploadType=eteventstream] status=Processing
[2018.07.11-05.18.44:252][703]LogModuleManager: Shutting down and abandoning module SSL (40)
[2018.07.11-05.18.44:254][703]LogModuleManager: Shutting down and abandoning module AnimationModifiers (36)
[2018.07.11-05.18.44:254][703]LogModuleManager: Shutting down and abandoning module PropertyEditor (35)
[2018.07.11-05.18.44:254][703]LogModuleManager: Shutting down and abandoning module AudioEditor (32)
[2018.07.11-05.18.44:254][703]LogModuleManager: Shutting down and abandoning module TextureCompressor (30)
[2018.07.11-05.18.44:255][703]LogModuleManager: Shutting down and abandoning module ShaderCore (28)
[2018.07.11-05.18.44:255][703]LogModuleManager: Shutting down and abandoning module Landscape (26)
[2018.07.11-05.18.44:255][703]LogModuleManager: Shutting down and abandoning module SlateRHIRenderer (24)
[2018.07.11-05.18.44:256][703]LogModuleManager: Shutting down and abandoning module OpenGLDrv (22)
[2018.07.11-05.18.44:256][703]LogModuleManager: Shutting down and abandoning module D3D11RHI (20)
[2018.07.11-05.18.44:256][703]LogModuleManager: Shutting down and abandoning module AnimGraphRuntime (18)
[2018.07.11-05.18.44:257][703]LogModuleManager: Shutting down and abandoning module Renderer (16)
[2018.07.11-05.18.44:257][703]LogModuleManager: Shutting down and abandoning module Engine (14)
[2018.07.11-05.18.44:257][703]LogModuleManager: Shutting down and abandoning module CoreUObject (12)
[2018.07.11-05.18.44:257][703]LogModuleManager: Shutting down and abandoning module NetworkFile (10)
[2018.07.11-05.18.44:257][703]LogModuleManager: Shutting down and abandoning module CookedIterativeFile (8)
[2018.07.11-05.18.44:257][703]LogModuleManager: Shutting down and abandoning module StreamingFile (6)
[2018.07.11-05.18.44:257][703]LogModuleManager: Shutting down and abandoning module SandboxFile (4)
[2018.07.11-05.18.44:257][703]LogModuleManager: Shutting down and abandoning module PakFile (2)
[2018.07.11-05.18.44:272][703]LogExit: Exiting.
[2018.07.11-05.18.44:308][703]Log file closed, 07/11/18 01:18:44
